#
# There is insufficient memory for the Java Runtime Environment to continue.
# Native memory allocation (mmap) failed to map 56623104 bytes for Failed to commit area from 0x000000008e000000 to 0x0000000091600000 of length 56623104.
# Possible reasons:
#   The system is out of physical RAM or swap space
#   The process is running with CompressedOops enabled, and the Java Heap may be blocking the growth of the native heap
# Possible solutions:
#   Reduce memory load on the system
#   Increase physical memory or swap space
#   Check if swap backing store is full
#   Decrease Java heap size (-Xmx/-Xms)
#   Decrease number of Java threads
#   Decrease Java thread stack sizes (-Xss)
#   Set larger code cache with -XX:ReservedCodeCacheSize=
#   JVM is running with Unscaled Compressed Oops mode in which the Java heap is
#     placed in the first 4GB address space. The Java Heap base address is the
#     maximum limit for the native heap growth. Please use -XX:HeapBaseMinAddress
#     to set the Java Heap base and to place the Java Heap above 4GB virtual address.
# This output file may be truncated or incomplete.
#
#  Out of Memory Error (./src/hotspot/os/windows/os_windows.cpp:3619), pid=17632, tid=18932
#
# JRE version: OpenJDK Runtime Environment (11.0.13) (build 11.0.13+0-b1751.21-8125866)
# Java VM: OpenJDK 64-Bit Server VM (11.0.13+0-b1751.21-8125866, mixed mode, tiered, compressed oops, g1 gc, windows-amd64)
# No core dump will be written. Minidumps are not enabled by default on client versions of Windows
#

---------------  S U M M A R Y ------------

Command Line: --add-opens=java.base/java.util=ALL-UNNAMED --add-opens=java.base/java.lang=ALL-UNNAMED --add-opens=java.base/java.lang.invoke=ALL-UNNAMED --add-opens=java.base/java.util=ALL-UNNAMED --add-opens=java.prefs/java.util.prefs=ALL-UNNAMED --add-opens=java.prefs/java.util.prefs=ALL-UNNAMED --add-opens=java.base/java.nio.charset=ALL-UNNAMED --add-opens=java.base/java.net=ALL-UNNAMED --add-opens=java.base/java.util.concurrent.atomic=ALL-UNNAMED -Xmx2048m -Dfile.encoding=UTF-8 -Duser.country=IN -Duser.language=en -Duser.variant org.gradle.launcher.daemon.bootstrap.GradleDaemon 7.4

Host: AMD Ryzen 7 3750H with Radeon Vega Mobile Gfx  , 8 cores, 13G,  Windows 10 , 64 bit Build 19041 (10.0.19041.2251)
Time: Mon Dec  5 23:46:29 2022 India Standard Time elapsed time: 959.439103 seconds (0d 0h 15m 59s)

---------------  T H R E A D  ---------------

Current thread (0x0000022d32aa1000):  VMThread "VM Thread" [stack: 0x0000003056800000,0x0000003056900000] [id=18932]

Stack: [0x0000003056800000,0x0000003056900000]
[error occurred during error reporting (printing stack bounds), id 0xc0000005, EXCEPTION_ACCESS_VIOLATION (0xc0000005) at pc=0x0000022d1b92112d]

Native frames: (J=compiled Java code, j=interpreted, Vv=VM code, C=native code)
V  [jvm.dll+0x6100fa]
V  [jvm.dll+0x747090]
V  [jvm.dll+0x7486ad]
V  [jvm.dll+0x748ce5]
V  [jvm.dll+0x748c9b]
V  [jvm.dll+0x60f224]
V  [jvm.dll+0x60f9b8]
C  [ntdll.dll+0xa241f]
C  [ntdll.dll+0x514a4]
C  [ntdll.dll+0xa0f4e]
C  0x0000022d1b92112d

VM_Operation (0x000000305fffcd20): G1CollectForAllocation, mode: safepoint, requested by thread 0x0000022d363cc800


---------------  P R O C E S S  ---------------

Threads class SMR info:
_java_thread_list=0x0000022d34cccb20, length=147, elements={
0x0000022d17df9800, 0x0000022d32aa3000, 0x0000022d32aa6000, 0x0000022d32aad800,
0x0000022d33321800, 0x0000022d33326000, 0x0000022d33329000, 0x0000022d33338800,
0x0000022d3333a000, 0x0000022d334a8000, 0x0000022d34364000, 0x0000022d33596000,
0x0000022d34ba4000, 0x0000022d348e8800, 0x0000022d348e7800, 0x0000022d348e6000,
0x0000022d348e6800, 0x0000022d3697f800, 0x0000022d3697d000, 0x0000022d36980800,
0x0000022d36981000, 0x0000022d3697b800, 0x0000022d36982000, 0x0000022d3697c800,
0x0000022d3697f000, 0x0000022d36983000, 0x0000022d36984800, 0x0000022d36989800,
0x0000022d38622800, 0x0000022d38626800, 0x0000022d38624000, 0x0000022d3862a800,
0x0000022d38629800, 0x0000022d38624800, 0x0000022d38625800, 0x0000022d3862d000,
0x0000022d3862b800, 0x0000022d38627000, 0x0000022d3862c000, 0x0000022d3862d800,
0x0000022d38628000, 0x0000022d3862e800, 0x0000022d3862f800, 0x0000022d38630000,
0x0000022d38631000, 0x0000022d36983800, 0x0000022d3697e000, 0x0000022d36986000,
0x0000022d3698a000, 0x0000022d36988800, 0x0000022d3bf62800, 0x0000022d3bf63000,
0x0000022d3bf61800, 0x0000022d3bf5e800, 0x0000022d3bf60000, 0x0000022d3bf61000,
0x0000022d3bf5d800, 0x0000022d3bf65000, 0x0000022d3bf64000, 0x0000022d3bf5f000,
0x0000022d3bf65800, 0x0000022d3bf6c000, 0x0000022d3bf68000, 0x0000022d3bf69000,
0x0000022d3bf66800, 0x0000022d3bf6a000, 0x0000022d3bf67800, 0x0000022d3bf6a800,
0x0000022d3bf6b800, 0x0000022d34979000, 0x0000022d3497d800, 0x0000022d3497c000,
0x0000022d3497a800, 0x0000022d3497b000, 0x0000022d34979800, 0x0000022d3497d000,
0x0000022d34978000, 0x0000022d34981000, 0x0000022d34984000, 0x0000022d3497e800,
0x0000022d34985000, 0x0000022d34980000, 0x0000022d3497f800, 0x0000022d34986800,
0x0000022d34986000, 0x0000022d34982800, 0x0000022d34983800, 0x0000022d34981800,
0x0000022d3c0c2800, 0x0000022d3c0c3800, 0x0000022d3c0c5000, 0x0000022d3c0c4000,
0x0000022d3c0bf800, 0x0000022d3c0c1000, 0x0000022d3c0c6000, 0x0000022d3c0c0000,
0x0000022d3c0c6800, 0x0000022d3c0c7800, 0x0000022d3c0c2000, 0x0000022d3c0cd000,
0x0000022d3c0cb800, 0x0000022d3c0cb000, 0x0000022d3c0cc800, 0x0000022d3c0ce000,
0x0000022d3c0c8800, 0x0000022d3c0c9000, 0x0000022d3c0ca000, 0x0000022d34a83800,
0x0000022d34a80000, 0x0000022d34a84000, 0x0000022d34a86000, 0x0000022d34a85000,
0x0000022d34a86800, 0x0000022d34a81000, 0x0000022d34a87800, 0x0000022d34a82800,
0x0000022d34a81800, 0x0000022d34a8a800, 0x0000022d34a88000, 0x0000022d34a8e800,
0x0000022d34a8b800, 0x0000022d34a8c800, 0x0000022d34a8d000, 0x0000022d34a8e000,
0x0000022d34a89000, 0x0000022d34a8a000, 0x0000022d363c4800, 0x0000022d363c5800,
0x0000022d363c7000, 0x0000022d363c2000, 0x0000022d363c6000, 0x0000022d363c3000,
0x0000022d363c1800, 0x0000022d363c8000, 0x0000022d363c8800, 0x0000022d363c9800,
0x0000022d363c4000, 0x0000022d363d0000, 0x0000022d363ca800, 0x0000022d363cd800,
0x0000022d363cb000, 0x0000022d371de000, 0x0000022d371df000, 0x0000022d363cc000,
0x0000022d363cc800, 0x0000022d363ce800, 0x0000022d363cf000
}

Java Threads: ( => current thread )
  0x0000022d17df9800 JavaThread "main" [_thread_blocked, id=21456, stack(0x0000003056200000,0x0000003056300000)]
  0x0000022d32aa3000 JavaThread "Reference Handler" daemon [_thread_blocked, id=7120, stack(0x0000003056900000,0x0000003056a00000)]
  0x0000022d32aa6000 JavaThread "Finalizer" daemon [_thread_blocked, id=6652, stack(0x0000003056a00000,0x0000003056b00000)]
  0x0000022d32aad800 JavaThread "Signal Dispatcher" daemon [_thread_blocked, id=19352, stack(0x0000003056b00000,0x0000003056c00000)]
  0x0000022d33321800 JavaThread "Attach Listener" daemon [_thread_blocked, id=612, stack(0x0000003056c00000,0x0000003056d00000)]
  0x0000022d33326000 JavaThread "Service Thread" daemon [_thread_blocked, id=384, stack(0x0000003056d00000,0x0000003056e00000)]
  0x0000022d33329000 JavaThread "C2 CompilerThread0" daemon [_thread_in_native, id=17296, stack(0x0000003056e00000,0x0000003056f00000)]
  0x0000022d33338800 JavaThread "C1 CompilerThread0" daemon [_thread_blocked, id=9996, stack(0x0000003056f00000,0x0000003057000000)]
  0x0000022d3333a000 JavaThread "Sweeper thread" daemon [_thread_blocked, id=18132, stack(0x0000003057000000,0x0000003057100000)]
  0x0000022d334a8000 JavaThread "Common-Cleaner" daemon [_thread_blocked, id=6528, stack(0x0000003057100000,0x0000003057200000)]
  0x0000022d34364000 JavaThread "Daemon health stats" [_thread_blocked, id=3892, stack(0x0000003057900000,0x0000003057a00000)]
  0x0000022d33596000 JavaThread "Incoming local TCP Connector on port 56460" [_thread_in_native, id=19792, stack(0x0000003057300000,0x0000003057400000)]
  0x0000022d34ba4000 JavaThread "Daemon periodic checks" [_thread_blocked, id=16944, stack(0x0000003057800000,0x0000003057900000)]
  0x0000022d348e8800 JavaThread "Cache worker for journal cache (D:\Project prototypes\Android-Project-master\MyCMS\caches\journal-1)" [_thread_blocked, id=15044, stack(0x0000003058200000,0x0000003058300000)]
  0x0000022d348e7800 JavaThread "File lock request listener" [_thread_in_native, id=14792, stack(0x0000003058300000,0x0000003058400000)]
  0x0000022d348e6000 JavaThread "Cache worker for file hash cache (D:\Project prototypes\Android-Project-master\MyCMS\caches\7.4\fileHashes)" [_thread_blocked, id=14340, stack(0x0000003058800000,0x0000003058900000)]
  0x0000022d348e6800 JavaThread "File watcher server" daemon [_thread_blocked, id=8496, stack(0x0000003058a00000,0x0000003058b00000)]
  0x0000022d3697f800 JavaThread "File watcher consumer" daemon [_thread_blocked, id=5672, stack(0x0000003058b00000,0x0000003058c00000)]
  0x0000022d3697d000 JavaThread "jar transforms" [_thread_blocked, id=14824, stack(0x0000003058c00000,0x0000003058d00000)]
  0x0000022d36980800 JavaThread "jar transforms Thread 2" [_thread_blocked, id=2608, stack(0x0000003058d00000,0x0000003058e00000)]
  0x0000022d36981000 JavaThread "jar transforms Thread 3" [_thread_blocked, id=14516, stack(0x0000003058e00000,0x0000003058f00000)]
  0x0000022d3697b800 JavaThread "jar transforms Thread 4" [_thread_blocked, id=6996, stack(0x0000003058f00000,0x0000003059000000)]
  0x0000022d36982000 JavaThread "jar transforms Thread 5" [_thread_blocked, id=3848, stack(0x0000003059000000,0x0000003059100000)]
  0x0000022d3697c800 JavaThread "jar transforms Thread 6" [_thread_blocked, id=13724, stack(0x0000003059100000,0x0000003059200000)]
  0x0000022d3697f000 JavaThread "jar transforms Thread 7" [_thread_blocked, id=19824, stack(0x0000003059200000,0x0000003059300000)]
  0x0000022d36983000 JavaThread "jar transforms Thread 8" [_thread_blocked, id=17744, stack(0x0000003059300000,0x0000003059400000)]
  0x0000022d36984800 JavaThread "Cache worker for execution history cache (D:\Project prototypes\Android-Project-master\MyCMS\caches\7.4\executionHistory)" [_thread_blocked, id=15568, stack(0x0000003059700000,0x0000003059800000)]
  0x0000022d36989800 JavaThread "Cache worker for file content cache (D:\Project prototypes\Android-Project-master\MyCMS\caches\7.4\fileContent)" [_thread_blocked, id=20884, stack(0x0000003059900000,0x0000003059a00000)]
  0x0000022d38622800 JavaThread "Memory manager" [_thread_blocked, id=6128, stack(0x000000305ed00000,0x000000305ee00000)]
  0x0000022d38626800 JavaThread "Daemon Thread 2" [_thread_blocked, id=1592, stack(0x0000003055f00000,0x0000003056000000)]
  0x0000022d38624000 JavaThread "Handler for socket connection from /127.0.0.1:56460 to /127.0.0.1:56844" [_thread_in_native, id=8696, stack(0x0000003056000000,0x0000003056100000)]
  0x0000022d3862a800 JavaThread "Cancel handler" [_thread_blocked, id=6516, stack(0x0000003056100000,0x0000003056200000)]
  0x0000022d38629800 JavaThread "Daemon worker Thread 2" [_thread_blocked, id=17496, stack(0x0000003057a00000,0x0000003057b00000)]
  0x0000022d38624800 JavaThread "Asynchronous log dispatcher for DefaultDaemonConnection: socket connection from /127.0.0.1:56460 to /127.0.0.1:56844" [_thread_blocked, id=20704, stack(0x0000003057b00000,0x0000003057c00000)]
  0x0000022d38625800 JavaThread "Stdin handler" [_thread_blocked, id=6156, stack(0x0000003057c00000,0x0000003057d00000)]
  0x0000022d3862d000 JavaThread "Daemon client event forwarder" [_thread_blocked, id=5940, stack(0x0000003057d00000,0x0000003057e00000)]
  0x0000022d3862b800 JavaThread "Cache worker for checksums cache (D:\Project prototypes\CaretakersDesk\CaretakersDesk\.gradle\7.4\checksums)" [_thread_blocked, id=15436, stack(0x0000003057f00000,0x0000003058000000)]
  0x0000022d38627000 JavaThread "Cache worker for cache directory md-rule (D:\Project prototypes\Android-Project-master\MyCMS\caches\7.4\md-rule)" [_thread_blocked, id=2496, stack(0x0000003058000000,0x0000003058100000)]
  0x0000022d3862c000 JavaThread "Cache worker for file hash cache (D:\Project prototypes\CaretakersDesk\CaretakersDesk\.gradle\7.4\fileHashes)" [_thread_blocked, id=7572, stack(0x0000003058100000,0x0000003058200000)]
  0x0000022d3862d800 JavaThread "Cache worker for cache directory md-supplier (D:\Project prototypes\Android-Project-master\MyCMS\caches\7.4\md-supplier)" [_thread_blocked, id=3172, stack(0x0000003058900000,0x0000003058a00000)]
  0x0000022d38628000 JavaThread "Cache worker for dependencies-accessors (D:\Project prototypes\CaretakersDesk\CaretakersDesk\.gradle\7.4\dependencies-accessors)" [_thread_blocked, id=1744, stack(0x0000003059400000,0x0000003059500000)]
  0x0000022d3862e800 JavaThread "Cache worker for Build Output Cleanup Cache (D:\Project prototypes\CaretakersDesk\CaretakersDesk\.gradle\buildOutputCleanup)" [_thread_blocked, id=15860, stack(0x0000003059500000,0x0000003059600000)]
  0x0000022d3862f800 JavaThread "Unconstrained build operations" [_thread_blocked, id=7820, stack(0x0000003059600000,0x0000003059700000)]
  0x0000022d38630000 JavaThread "Unconstrained build operations Thread 2" [_thread_blocked, id=9928, stack(0x0000003059800000,0x0000003059900000)]
  0x0000022d38631000 JavaThread "Unconstrained build operations Thread 3" [_thread_blocked, id=10452, stack(0x0000003059a00000,0x0000003059b00000)]
  0x0000022d36983800 JavaThread "Unconstrained build operations Thread 4" [_thread_blocked, id=7312, stack(0x0000003059b00000,0x0000003059c00000)]
  0x0000022d3697e000 JavaThread "Unconstrained build operations Thread 5" [_thread_blocked, id=20968, stack(0x0000003059c00000,0x0000003059d00000)]
  0x0000022d36986000 JavaThread "Unconstrained build operations Thread 6" [_thread_blocked, id=5396, stack(0x0000003059d00000,0x0000003059e00000)]
  0x0000022d3698a000 JavaThread "Unconstrained build operations Thread 7" [_thread_blocked, id=4000, stack(0x0000003059e00000,0x0000003059f00000)]
  0x0000022d36988800 JavaThread "Unconstrained build operations Thread 8" [_thread_blocked, id=5012, stack(0x0000003059f00000,0x000000305a000000)]
  0x0000022d3bf62800 JavaThread "Unconstrained build operations Thread 9" [_thread_blocked, id=12440, stack(0x000000305a000000,0x000000305a100000)]
  0x0000022d3bf63000 JavaThread "Unconstrained build operations Thread 10" [_thread_blocked, id=16436, stack(0x000000305a100000,0x000000305a200000)]
  0x0000022d3bf61800 JavaThread "Unconstrained build operations Thread 11" [_thread_blocked, id=7276, stack(0x000000305a200000,0x000000305a300000)]
  0x0000022d3bf5e800 JavaThread "Unconstrained build operations Thread 12" [_thread_blocked, id=1276, stack(0x000000305a300000,0x000000305a400000)]
  0x0000022d3bf60000 JavaThread "Unconstrained build operations Thread 13" [_thread_blocked, id=20532, stack(0x000000305a400000,0x000000305a500000)]
  0x0000022d3bf61000 JavaThread "Unconstrained build operations Thread 14" [_thread_blocked, id=18520, stack(0x000000305a500000,0x000000305a600000)]
  0x0000022d3bf5d800 JavaThread "Unconstrained build operations Thread 15" [_thread_blocked, id=11240, stack(0x000000305a600000,0x000000305a700000)]
  0x0000022d3bf65000 JavaThread "Unconstrained build operations Thread 16" [_thread_blocked, id=4160, stack(0x000000305a700000,0x000000305a800000)]
  0x0000022d3bf64000 JavaThread "Unconstrained build operations Thread 17" [_thread_blocked, id=19952, stack(0x000000305a800000,0x000000305a900000)]
  0x0000022d3bf5f000 JavaThread "Unconstrained build operations Thread 18" [_thread_blocked, id=21296, stack(0x000000305a900000,0x000000305aa00000)]
  0x0000022d3bf65800 JavaThread "Unconstrained build operations Thread 19" [_thread_blocked, id=16052, stack(0x000000305aa00000,0x000000305ab00000)]
  0x0000022d3bf6c000 JavaThread "Unconstrained build operations Thread 20" [_thread_blocked, id=12144, stack(0x000000305ab00000,0x000000305ac00000)]
  0x0000022d3bf68000 JavaThread "Unconstrained build operations Thread 21" [_thread_blocked, id=19136, stack(0x000000305ac00000,0x000000305ad00000)]
  0x0000022d3bf69000 JavaThread "Unconstrained build operations Thread 22" [_thread_blocked, id=9980, stack(0x000000305ad00000,0x000000305ae00000)]
  0x0000022d3bf66800 JavaThread "Unconstrained build operations Thread 23" [_thread_blocked, id=14244, stack(0x000000305ae00000,0x000000305af00000)]
  0x0000022d3bf6a000 JavaThread "Unconstrained build operations Thread 24" [_thread_blocked, id=3548, stack(0x000000305af00000,0x000000305b000000)]
  0x0000022d3bf67800 JavaThread "Unconstrained build operations Thread 25" [_thread_blocked, id=20656, stack(0x000000305b000000,0x000000305b100000)]
  0x0000022d3bf6a800 JavaThread "Unconstrained build operations Thread 26" [_thread_blocked, id=15780, stack(0x000000305b100000,0x000000305b200000)]
  0x0000022d3bf6b800 JavaThread "Unconstrained build operations Thread 27" [_thread_blocked, id=11180, stack(0x000000305b200000,0x000000305b300000)]
  0x0000022d34979000 JavaThread "Unconstrained build operations Thread 28" [_thread_blocked, id=9220, stack(0x000000305b300000,0x000000305b400000)]
  0x0000022d3497d800 JavaThread "Unconstrained build operations Thread 29" [_thread_blocked, id=12316, stack(0x000000305b400000,0x000000305b500000)]
  0x0000022d3497c000 JavaThread "Unconstrained build operations Thread 30" [_thread_blocked, id=2376, stack(0x000000305b500000,0x000000305b600000)]
  0x0000022d3497a800 JavaThread "Unconstrained build operations Thread 31" [_thread_blocked, id=14304, stack(0x000000305b600000,0x000000305b700000)]
  0x0000022d3497b000 JavaThread "Unconstrained build operations Thread 32" [_thread_blocked, id=17740, stack(0x000000305b700000,0x000000305b800000)]
  0x0000022d34979800 JavaThread "Unconstrained build operations Thread 33" [_thread_blocked, id=18664, stack(0x000000305b800000,0x000000305b900000)]
  0x0000022d3497d000 JavaThread "Unconstrained build operations Thread 34" [_thread_blocked, id=21244, stack(0x000000305b900000,0x000000305ba00000)]
  0x0000022d34978000 JavaThread "Unconstrained build operations Thread 35" [_thread_blocked, id=3824, stack(0x000000305ba00000,0x000000305bb00000)]
  0x0000022d34981000 JavaThread "Unconstrained build operations Thread 36" [_thread_blocked, id=9748, stack(0x000000305bb00000,0x000000305bc00000)]
  0x0000022d34984000 JavaThread "Unconstrained build operations Thread 37" [_thread_blocked, id=17432, stack(0x000000305bc00000,0x000000305bd00000)]
  0x0000022d3497e800 JavaThread "Unconstrained build operations Thread 38" [_thread_blocked, id=7400, stack(0x000000305bd00000,0x000000305be00000)]
  0x0000022d34985000 JavaThread "Unconstrained build operations Thread 39" [_thread_blocked, id=11748, stack(0x000000305be00000,0x000000305bf00000)]
  0x0000022d34980000 JavaThread "Unconstrained build operations Thread 40" [_thread_blocked, id=17920, stack(0x000000305bf00000,0x000000305c000000)]
  0x0000022d3497f800 JavaThread "Unconstrained build operations Thread 41" [_thread_blocked, id=20068, stack(0x000000305c000000,0x000000305c100000)]
  0x0000022d34986800 JavaThread "Unconstrained build operations Thread 42" [_thread_blocked, id=7748, stack(0x000000305c100000,0x000000305c200000)]
  0x0000022d34986000 JavaThread "Unconstrained build operations Thread 43" [_thread_blocked, id=8256, stack(0x000000305c200000,0x000000305c300000)]
  0x0000022d34982800 JavaThread "Unconstrained build operations Thread 44" [_thread_blocked, id=8832, stack(0x000000305c300000,0x000000305c400000)]
  0x0000022d34983800 JavaThread "Unconstrained build operations Thread 45" [_thread_blocked, id=9800, stack(0x000000305c400000,0x000000305c500000)]
  0x0000022d34981800 JavaThread "Unconstrained build operations Thread 46" [_thread_blocked, id=5964, stack(0x000000305c500000,0x000000305c600000)]
  0x0000022d3c0c2800 JavaThread "Unconstrained build operations Thread 47" [_thread_blocked, id=8648, stack(0x000000305c600000,0x000000305c700000)]
  0x0000022d3c0c3800 JavaThread "Unconstrained build operations Thread 48" [_thread_blocked, id=14460, stack(0x000000305c700000,0x000000305c800000)]
  0x0000022d3c0c5000 JavaThread "Unconstrained build operations Thread 49" [_thread_blocked, id=10528, stack(0x000000305c800000,0x000000305c900000)]
  0x0000022d3c0c4000 JavaThread "Unconstrained build operations Thread 50" [_thread_blocked, id=19212, stack(0x000000305c900000,0x000000305ca00000)]
  0x0000022d3c0bf800 JavaThread "Unconstrained build operations Thread 51" [_thread_blocked, id=16808, stack(0x000000305ca00000,0x000000305cb00000)]
  0x0000022d3c0c1000 JavaThread "Unconstrained build operations Thread 52" [_thread_blocked, id=17096, stack(0x000000305cb00000,0x000000305cc00000)]
  0x0000022d3c0c6000 JavaThread "Unconstrained build operations Thread 53" [_thread_blocked, id=20676, stack(0x000000305cc00000,0x000000305cd00000)]
  0x0000022d3c0c0000 JavaThread "Unconstrained build operations Thread 54" [_thread_blocked, id=9772, stack(0x000000305cd00000,0x000000305ce00000)]
  0x0000022d3c0c6800 JavaThread "Unconstrained build operations Thread 55" [_thread_blocked, id=19364, stack(0x000000305ce00000,0x000000305cf00000)]
  0x0000022d3c0c7800 JavaThread "Unconstrained build operations Thread 56" [_thread_blocked, id=19280, stack(0x000000305cf00000,0x000000305d000000)]
  0x0000022d3c0c2000 JavaThread "Unconstrained build operations Thread 57" [_thread_blocked, id=9304, stack(0x000000305d000000,0x000000305d100000)]
  0x0000022d3c0cd000 JavaThread "Unconstrained build operations Thread 58" [_thread_blocked, id=5168, stack(0x000000305d100000,0x000000305d200000)]
  0x0000022d3c0cb800 JavaThread "Unconstrained build operations Thread 59" [_thread_blocked, id=924, stack(0x000000305d200000,0x000000305d300000)]
  0x0000022d3c0cb000 JavaThread "Unconstrained build operations Thread 60" [_thread_blocked, id=3056, stack(0x000000305d300000,0x000000305d400000)]
  0x0000022d3c0cc800 JavaThread "Unconstrained build operations Thread 61" [_thread_blocked, id=20172, stack(0x000000305d400000,0x000000305d500000)]
  0x0000022d3c0ce000 JavaThread "Unconstrained build operations Thread 62" [_thread_blocked, id=20216, stack(0x000000305d500000,0x000000305d600000)]
  0x0000022d3c0c8800 JavaThread "Unconstrained build operations Thread 63" [_thread_blocked, id=5976, stack(0x000000305d600000,0x000000305d700000)]
  0x0000022d3c0c9000 JavaThread "Unconstrained build operations Thread 64" [_thread_blocked, id=8092, stack(0x000000305d700000,0x000000305d800000)]
  0x0000022d3c0ca000 JavaThread "Unconstrained build operations Thread 65" [_thread_blocked, id=3480, stack(0x000000305d800000,0x000000305d900000)]
  0x0000022d34a83800 JavaThread "Unconstrained build operations Thread 66" [_thread_blocked, id=14652, stack(0x000000305d900000,0x000000305da00000)]
  0x0000022d34a80000 JavaThread "Unconstrained build operations Thread 67" [_thread_blocked, id=8476, stack(0x000000305da00000,0x000000305db00000)]
  0x0000022d34a84000 JavaThread "Unconstrained build operations Thread 68" [_thread_blocked, id=14936, stack(0x000000305db00000,0x000000305dc00000)]
  0x0000022d34a86000 JavaThread "Unconstrained build operations Thread 69" [_thread_blocked, id=1988, stack(0x000000305dc00000,0x000000305dd00000)]
  0x0000022d34a85000 JavaThread "Unconstrained build operations Thread 70" [_thread_blocked, id=14376, stack(0x000000305dd00000,0x000000305de00000)]
  0x0000022d34a86800 JavaThread "Unconstrained build operations Thread 71" [_thread_blocked, id=20044, stack(0x000000305de00000,0x000000305df00000)]
  0x0000022d34a81000 JavaThread "Unconstrained build operations Thread 72" [_thread_blocked, id=10248, stack(0x000000305df00000,0x000000305e000000)]
  0x0000022d34a87800 JavaThread "Unconstrained build operations Thread 73" [_thread_blocked, id=3688, stack(0x000000305e000000,0x000000305e100000)]
  0x0000022d34a82800 JavaThread "Unconstrained build operations Thread 74" [_thread_blocked, id=15984, stack(0x000000305e100000,0x000000305e200000)]
  0x0000022d34a81800 JavaThread "Unconstrained build operations Thread 75" [_thread_blocked, id=15040, stack(0x000000305e200000,0x000000305e300000)]
  0x0000022d34a8a800 JavaThread "Unconstrained build operations Thread 76" [_thread_blocked, id=16824, stack(0x000000305e300000,0x000000305e400000)]
  0x0000022d34a88000 JavaThread "Unconstrained build operations Thread 77" [_thread_blocked, id=16740, stack(0x000000305e400000,0x000000305e500000)]
  0x0000022d34a8e800 JavaThread "Unconstrained build operations Thread 78" [_thread_blocked, id=10156, stack(0x000000305e500000,0x000000305e600000)]
  0x0000022d34a8b800 JavaThread "Unconstrained build operations Thread 79" [_thread_blocked, id=8604, stack(0x000000305e600000,0x000000305e700000)]
  0x0000022d34a8c800 JavaThread "Unconstrained build operations Thread 80" [_thread_blocked, id=1752, stack(0x000000305e700000,0x000000305e800000)]
  0x0000022d34a8d000 JavaThread "build event listener" [_thread_blocked, id=18608, stack(0x000000305e900000,0x000000305ea00000)]
  0x0000022d34a8e000 JavaThread "included builds" [_thread_blocked, id=18660, stack(0x000000305ea00000,0x000000305eb00000)]
  0x0000022d34a89000 JavaThread "Execution worker for ':'" [_thread_blocked, id=9344, stack(0x000000305eb00000,0x000000305ec00000)]
  0x0000022d34a8a000 JavaThread "Execution worker for ':' Thread 2" [_thread_blocked, id=9144, stack(0x000000305ee00000,0x000000305ef00000)]
  0x0000022d363c4800 JavaThread "Execution worker for ':' Thread 3" [_thread_blocked, id=15548, stack(0x000000305ef00000,0x000000305f000000)]
  0x0000022d363c5800 JavaThread "Execution worker for ':' Thread 4" [_thread_blocked, id=17800, stack(0x000000305f000000,0x000000305f100000)]
  0x0000022d363c7000 JavaThread "Execution worker for ':' Thread 5" [_thread_blocked, id=9092, stack(0x000000305f100000,0x000000305f200000)]
  0x0000022d363c2000 JavaThread "Execution worker for ':' Thread 6" [_thread_blocked, id=2584, stack(0x000000305f200000,0x000000305f300000)]
  0x0000022d363c6000 JavaThread "Execution worker for ':' Thread 7" [_thread_blocked, id=1892, stack(0x000000305f300000,0x000000305f400000)]
  0x0000022d363c3000 JavaThread "Cache worker for execution history cache (D:\Project prototypes\CaretakersDesk\CaretakersDesk\.gradle\7.4\executionHistory)" [_thread_blocked, id=15952, stack(0x000000305f400000,0x000000305f500000)]
  0x0000022d363c1800 JavaThread "Cache worker for Java compile cache (D:\Project prototypes\Android-Project-master\MyCMS\caches\7.4\javaCompile)" [_thread_blocked, id=8412, stack(0x000000305f500000,0x000000305f600000)]
  0x0000022d363c8000 JavaThread "Build operations" [_thread_blocked, id=15348, stack(0x000000305f600000,0x000000305f700000)]
  0x0000022d363c8800 JavaThread "Build operations Thread 2" [_thread_blocked, id=11580, stack(0x000000305f700000,0x000000305f800000)]
  0x0000022d363c9800 JavaThread "Build operations Thread 3" [_thread_blocked, id=2980, stack(0x000000305f800000,0x000000305f900000)]
  0x0000022d363c4000 JavaThread "Build operations Thread 4" [_thread_blocked, id=7056, stack(0x000000305f900000,0x000000305fa00000)]
  0x0000022d363d0000 JavaThread "Build operations Thread 5" [_thread_blocked, id=7532, stack(0x000000305fa00000,0x000000305fb00000)]
  0x0000022d363ca800 JavaThread "Build operations Thread 6" [_thread_blocked, id=19248, stack(0x000000305fb00000,0x000000305fc00000)]
  0x0000022d363cd800 JavaThread "Build operations Thread 7" [_thread_blocked, id=9960, stack(0x000000305fc00000,0x000000305fd00000)]
  0x0000022d363cb000 JavaThread "Build operations Thread 8" [_thread_blocked, id=21420, stack(0x000000305fd00000,0x000000305fe00000)]
  0x0000022d371de000 JavaThread "C2 CompilerThread1" daemon [_thread_blocked, id=2604, stack(0x0000003057e00000,0x0000003057f00000)]
  0x0000022d371df000 JavaThread "C2 CompilerThread2" daemon [_thread_blocked, id=16744, stack(0x000000305e800000,0x000000305e900000)]
  0x0000022d363cc000 JavaThread "WorkerExecutor Queue" [_thread_blocked, id=3380, stack(0x000000305fe00000,0x000000305ff00000)]
  0x0000022d363cc800 JavaThread "WorkerExecutor Queue Thread 2" [_thread_blocked, id=17092, stack(0x000000305ff00000,0x0000003060000000)]
  0x0000022d363ce800 JavaThread "WorkerExecutor Queue Thread 3" [_thread_blocked, id=5328, stack(0x0000003060000000,0x0000003060100000)]
  0x0000022d363cf000 JavaThread "WorkerExecutor Queue Thread 4" [_thread_blocked, id=13016, stack(0x0000003060100000,0x0000003060200000)]

Other Threads:
=>0x0000022d32aa1000 VMThread "VM Thread" [stack: 0x0000003056800000,0x0000003056900000] [id=18932]
  0x0000022d334a9000 WatcherThread [stack: 0x0000003057200000,0x0000003057300000] [id=17856]
  0x0000022d17e15000 GCTaskThread "GC Thread#0" [stack: 0x0000003056300000,0x0000003056400000] [id=20824]
  0x0000022d338c5000 GCTaskThread "GC Thread#1" [stack: 0x0000003057400000,0x0000003057500000] [id=18300]
  0x0000022d3398b000 GCTaskThread "GC Thread#2" [stack: 0x0000003057500000,0x0000003057600000] [id=18176]
  0x0000022d341eb000 GCTaskThread "GC Thread#3" [stack: 0x0000003057600000,0x0000003057700000] [id=14704]
  0x0000022d341eb800 GCTaskThread "GC Thread#4" [stack: 0x0000003057700000,0x0000003057800000] [id=21028]
  0x0000022d3612b000 GCTaskThread "GC Thread#5" [stack: 0x0000003058400000,0x0000003058500000] [id=20720]
  0x0000022d3612e000 GCTaskThread "GC Thread#6" [stack: 0x0000003058500000,0x0000003058600000] [id=20836]
  0x0000022d3612e800 GCTaskThread "GC Thread#7" [stack: 0x0000003058600000,0x0000003058700000] [id=13156]
  0x0000022d17e46000 ConcurrentGCThread "G1 Main Marker" [stack: 0x0000003056400000,0x0000003056500000] [id=12296]
  0x0000022d17e48800 ConcurrentGCThread "G1 Conc#0" [stack: 0x0000003056500000,0x0000003056600000] [id=17228]
  0x0000022d3612d000 ConcurrentGCThread "G1 Conc#1" [stack: 0x0000003058700000,0x0000003058800000] [id=2424]
  0x0000022d32910800 ConcurrentGCThread "G1 Refine#0" [stack: 0x0000003056600000,0x0000003056700000] [id=16680]
  0x0000022d3612a000 ConcurrentGCThread "G1 Refine#1" [stack: 0x000000305ec00000,0x000000305ed00000] [id=17988]
  0x0000022d32911000 ConcurrentGCThread "G1 Young RemSet Sampling" [stack: 0x0000003056700000,0x0000003056800000] [id=5636]

Threads with active compile tasks:
C2 CompilerThread0 959455 15818       4       org.gradle.internal.logging.sink.OutputEventTransformer::onOutput (399 bytes)
C1 CompilerThread0 959455 15933       2       java.io.SerialCallbackContext::setUsed (6 bytes)
C2 CompilerThread1 959455 15797       4       org.gradle.internal.snapshot.AbstractListChildMap::store (72 bytes)
C2 CompilerThread2 959455 15907       4       java.util.zip.ZipFile::getZipEntry (325 bytes)

VM state:at safepoint (normal execution)

VM Mutex/Monitor currently owned by a thread:  ([mutex/lock_event])
[0x0000022d17df6510] Threads_lock - owner thread: 0x0000022d32aa1000
[0x0000022d17df5820] Heap_lock - owner thread: 0x0000022d363cc800

Heap address: 0x0000000080000000, size: 2048 MB, Compressed Oops mode: 32-bit
Narrow klass base: 0x0000000000000000, Narrow klass shift: 3
Compressed class space size: 1073741824 Address: 0x0000000100000000

Heap:
 garbage-first heap   total 284672K, used 198021K [0x0000000080000000, 0x0000000100000000)
  region size 1024K, 2 young (2048K), 2 survivors (2048K)
 Metaspace       used 114711K, capacity 118192K, committed 118476K, reserved 1153024K
  class space    used 14556K, capacity 15771K, committed 15820K, reserved 1048576K
Heap Regions: E=young(eden), S=young(survivor), O=old, HS=humongous(starts), HC=humongous(continues), CS=collection set, F=free, A=archive, TAMS=top-at-mark-start (previous, next)
|   0|0x0000000080000000, 0x0000000080100000, 0x0000000080100000|100%| O|  |TAMS 0x0000000080100000, 0x0000000080000000| Untracked 
|   1|0x0000000080100000, 0x0000000080200000, 0x0000000080200000|100%| O|  |TAMS 0x0000000080200000, 0x0000000080100000| Untracked 
|   2|0x0000000080200000, 0x0000000080300000, 0x0000000080300000|100%| O|  |TAMS 0x0000000080300000, 0x0000000080200000| Untracked 
|   3|0x0000000080300000, 0x0000000080400000, 0x0000000080400000|100%|HS|  |TAMS 0x0000000080400000, 0x0000000080300000| Complete 
|   4|0x0000000080400000, 0x0000000080500000, 0x0000000080500000|100%|HC|  |TAMS 0x0000000080500000, 0x0000000080400000| Complete 
|   5|0x0000000080500000, 0x0000000080600000, 0x0000000080600000|100%|HC|  |TAMS 0x0000000080600000, 0x0000000080500000| Complete 
|   6|0x0000000080600000, 0x0000000080700000, 0x0000000080700000|100%| O|  |TAMS 0x0000000080700000, 0x0000000080600000| Untracked 
|   7|0x0000000080700000, 0x0000000080800000, 0x0000000080800000|100%| O|  |TAMS 0x0000000080800000, 0x0000000080700000| Untracked 
|   8|0x0000000080800000, 0x0000000080900000, 0x0000000080900000|100%| O|  |TAMS 0x0000000080900000, 0x0000000080800000| Untracked 
|   9|0x0000000080900000, 0x0000000080a00000, 0x0000000080a00000|100%| O|  |TAMS 0x0000000080a00000, 0x0000000080900000| Untracked 
|  10|0x0000000080a00000, 0x0000000080b00000, 0x0000000080b00000|100%| O|  |TAMS 0x0000000080b00000, 0x0000000080a00000| Untracked 
|  11|0x0000000080b00000, 0x0000000080c00000, 0x0000000080c00000|100%| O|  |TAMS 0x0000000080c00000, 0x0000000080b00000| Untracked 
|  12|0x0000000080c00000, 0x0000000080d00000, 0x0000000080d00000|100%| O|  |TAMS 0x0000000080d00000, 0x0000000080c00000| Untracked 
|  13|0x0000000080d00000, 0x0000000080e00000, 0x0000000080e00000|100%| O|  |TAMS 0x0000000080d2ba00, 0x0000000080d00000| Untracked 
|  14|0x0000000080e00000, 0x0000000080f00000, 0x0000000080f00000|100%| O|  |TAMS 0x0000000080f00000, 0x0000000080e00000| Untracked 
|  15|0x0000000080f00000, 0x0000000081000000, 0x0000000081000000|100%| O|  |TAMS 0x0000000081000000, 0x0000000080f00000| Untracked 
|  16|0x0000000081000000, 0x0000000081100000, 0x0000000081100000|100%| O|  |TAMS 0x0000000081100000, 0x0000000081000000| Untracked 
|  17|0x0000000081100000, 0x0000000081200000, 0x0000000081200000|100%| O|  |TAMS 0x0000000081200000, 0x0000000081100000| Untracked 
|  18|0x0000000081200000, 0x0000000081300000, 0x0000000081300000|100%|HS|  |TAMS 0x0000000081300000, 0x0000000081200000| Complete 
|  19|0x0000000081300000, 0x0000000081400000, 0x0000000081400000|100%|HC|  |TAMS 0x0000000081400000, 0x0000000081300000| Complete 
|  20|0x0000000081400000, 0x0000000081500000, 0x0000000081500000|100%|HS|  |TAMS 0x0000000081500000, 0x0000000081400000| Complete 
|  21|0x0000000081500000, 0x0000000081600000, 0x0000000081600000|100%|HC|  |TAMS 0x0000000081600000, 0x0000000081500000| Complete 
|  22|0x0000000081600000, 0x0000000081700000, 0x0000000081700000|100%|HC|  |TAMS 0x0000000081700000, 0x0000000081600000| Complete 
|  23|0x0000000081700000, 0x0000000081800000, 0x0000000081800000|100%|HS|  |TAMS 0x0000000081800000, 0x0000000081700000| Complete 
|  24|0x0000000081800000, 0x0000000081900000, 0x0000000081900000|100%|HC|  |TAMS 0x0000000081900000, 0x0000000081800000| Complete 
|  25|0x0000000081900000, 0x0000000081a00000, 0x0000000081a00000|100%|HC|  |TAMS 0x0000000081a00000, 0x0000000081900000| Complete 
|  26|0x0000000081a00000, 0x0000000081b00000, 0x0000000081b00000|100%|HS|  |TAMS 0x0000000081b00000, 0x0000000081a00000| Complete 
|  27|0x0000000081b00000, 0x0000000081c00000, 0x0000000081c00000|100%|HC|  |TAMS 0x0000000081c00000, 0x0000000081b00000| Complete 
|  28|0x0000000081c00000, 0x0000000081d00000, 0x0000000081d00000|100%|HC|  |TAMS 0x0000000081d00000, 0x0000000081c00000| Complete 
|  29|0x0000000081d00000, 0x0000000081e00000, 0x0000000081e00000|100%|HC|  |TAMS 0x0000000081e00000, 0x0000000081d00000| Complete 
|  30|0x0000000081e00000, 0x0000000081f00000, 0x0000000081f00000|100%|HS|  |TAMS 0x0000000081f00000, 0x0000000081e00000| Complete 
|  31|0x0000000081f00000, 0x0000000082000000, 0x0000000082000000|100%|HC|  |TAMS 0x0000000082000000, 0x0000000081f00000| Complete 
|  32|0x0000000082000000, 0x0000000082100000, 0x0000000082100000|100%|HC|  |TAMS 0x0000000082100000, 0x0000000082000000| Complete 
|  33|0x0000000082100000, 0x0000000082200000, 0x0000000082200000|100%|HC|  |TAMS 0x0000000082200000, 0x0000000082100000| Complete 
|  34|0x0000000082200000, 0x0000000082300000, 0x0000000082300000|100%|HC|  |TAMS 0x0000000082300000, 0x0000000082200000| Complete 
|  35|0x0000000082300000, 0x0000000082400000, 0x0000000082400000|100%|HS|  |TAMS 0x0000000082400000, 0x0000000082300000| Complete 
|  36|0x0000000082400000, 0x0000000082500000, 0x0000000082500000|100%| O|  |TAMS 0x0000000082500000, 0x0000000082400000| Untracked 
|  37|0x0000000082500000, 0x0000000082600000, 0x0000000082600000|100%| O|  |TAMS 0x0000000082600000, 0x0000000082500000| Untracked 
|  38|0x0000000082600000, 0x0000000082700000, 0x0000000082700000|100%|HS|  |TAMS 0x0000000082700000, 0x0000000082600000| Complete 
|  39|0x0000000082700000, 0x0000000082800000, 0x0000000082800000|100%|HC|  |TAMS 0x0000000082800000, 0x0000000082700000| Complete 
|  40|0x0000000082800000, 0x0000000082900000, 0x0000000082900000|100%|HC|  |TAMS 0x0000000082900000, 0x0000000082800000| Complete 
|  41|0x0000000082900000, 0x0000000082a00000, 0x0000000082a00000|100%|HS|  |TAMS 0x0000000082a00000, 0x0000000082900000| Complete 
|  42|0x0000000082a00000, 0x0000000082b00000, 0x0000000082b00000|100%|HC|  |TAMS 0x0000000082b00000, 0x0000000082a00000| Complete 
|  43|0x0000000082b00000, 0x0000000082c00000, 0x0000000082c00000|100%|HS|  |TAMS 0x0000000082c00000, 0x0000000082b00000| Complete 
|  44|0x0000000082c00000, 0x0000000082d00000, 0x0000000082d00000|100%|HC|  |TAMS 0x0000000082d00000, 0x0000000082c00000| Complete 
|  45|0x0000000082d00000, 0x0000000082e00000, 0x0000000082e00000|100%|HC|  |TAMS 0x0000000082e00000, 0x0000000082d00000| Complete 
|  46|0x0000000082e00000, 0x0000000082f00000, 0x0000000082f00000|100%|HS|  |TAMS 0x0000000082f00000, 0x0000000082e00000| Complete 
|  47|0x0000000082f00000, 0x0000000083000000, 0x0000000083000000|100%|HC|  |TAMS 0x0000000083000000, 0x0000000082f00000| Complete 
|  48|0x0000000083000000, 0x0000000083100000, 0x0000000083100000|100%|HC|  |TAMS 0x0000000083100000, 0x0000000083000000| Complete 
|  49|0x0000000083100000, 0x0000000083200000, 0x0000000083200000|100%|HC|  |TAMS 0x0000000083200000, 0x0000000083100000| Complete 
|  50|0x0000000083200000, 0x0000000083300000, 0x0000000083300000|100%| O|  |TAMS 0x0000000083300000, 0x0000000083200000| Untracked 
|  51|0x0000000083300000, 0x0000000083400000, 0x0000000083400000|100%| O|  |TAMS 0x0000000083400000, 0x0000000083300000| Untracked 
|  52|0x0000000083400000, 0x0000000083500000, 0x0000000083500000|100%| O|  |TAMS 0x0000000083500000, 0x0000000083400000| Untracked 
|  53|0x0000000083500000, 0x0000000083600000, 0x0000000083600000|100%| O|  |TAMS 0x0000000083600000, 0x0000000083500000| Untracked 
|  54|0x0000000083600000, 0x0000000083700000, 0x0000000083700000|100%| O|  |TAMS 0x0000000083700000, 0x0000000083600000| Untracked 
|  55|0x0000000083700000, 0x0000000083800000, 0x0000000083800000|100%| O|  |TAMS 0x0000000083800000, 0x0000000083700000| Untracked 
|  56|0x0000000083800000, 0x0000000083900000, 0x0000000083900000|100%| O|  |TAMS 0x0000000083900000, 0x0000000083800000| Untracked 
|  57|0x0000000083900000, 0x0000000083a00000, 0x0000000083a00000|100%|HS|  |TAMS 0x0000000083a00000, 0x0000000083900000| Complete 
|  58|0x0000000083a00000, 0x0000000083b00000, 0x0000000083b00000|100%|HC|  |TAMS 0x0000000083b00000, 0x0000000083a00000| Complete 
|  59|0x0000000083b00000, 0x0000000083c00000, 0x0000000083c00000|100%|HC|  |TAMS 0x0000000083c00000, 0x0000000083b00000| Complete 
|  60|0x0000000083c00000, 0x0000000083d00000, 0x0000000083d00000|100%|HC|  |TAMS 0x0000000083d00000, 0x0000000083c00000| Complete 
|  61|0x0000000083d00000, 0x0000000083e00000, 0x0000000083e00000|100%|HC|  |TAMS 0x0000000083e00000, 0x0000000083d00000| Complete 
|  62|0x0000000083e00000, 0x0000000083f00000, 0x0000000083f00000|100%| O|  |TAMS 0x0000000083f00000, 0x0000000083e00000| Untracked 
|  63|0x0000000083f00000, 0x0000000084000000, 0x0000000084000000|100%| O|  |TAMS 0x0000000084000000, 0x0000000083f00000| Untracked 
|  64|0x0000000084000000, 0x0000000084100000, 0x0000000084100000|100%| O|  |TAMS 0x0000000084100000, 0x0000000084000000| Untracked 
|  65|0x0000000084100000, 0x0000000084200000, 0x0000000084200000|100%| O|  |TAMS 0x0000000084200000, 0x0000000084100000| Untracked 
|  66|0x0000000084200000, 0x0000000084300000, 0x0000000084300000|100%| O|  |TAMS 0x0000000084300000, 0x0000000084200000| Untracked 
|  67|0x0000000084300000, 0x0000000084400000, 0x0000000084400000|100%| O|  |TAMS 0x0000000084400000, 0x0000000084300000| Untracked 
|  68|0x0000000084400000, 0x0000000084500000, 0x0000000084500000|100%| O|  |TAMS 0x0000000084500000, 0x0000000084400000| Untracked 
|  69|0x0000000084500000, 0x0000000084600000, 0x0000000084600000|100%|HS|  |TAMS 0x0000000084600000, 0x0000000084500000| Complete 
|  70|0x0000000084600000, 0x0000000084700000, 0x0000000084700000|100%|HS|  |TAMS 0x0000000084700000, 0x0000000084600000| Complete 
|  71|0x0000000084700000, 0x0000000084800000, 0x0000000084800000|100%|HS|  |TAMS 0x0000000084800000, 0x0000000084700000| Complete 
|  72|0x0000000084800000, 0x0000000084900000, 0x0000000084900000|100%|HC|  |TAMS 0x0000000084900000, 0x0000000084800000| Complete 
|  73|0x0000000084900000, 0x0000000084a00000, 0x0000000084a00000|100%| O|  |TAMS 0x0000000084a00000, 0x0000000084900000| Untracked 
|  74|0x0000000084a00000, 0x0000000084b00000, 0x0000000084b00000|100%| O|  |TAMS 0x0000000084b00000, 0x0000000084a00000| Untracked 
|  75|0x0000000084b00000, 0x0000000084c00000, 0x0000000084c00000|100%| O|  |TAMS 0x0000000084c00000, 0x0000000084b00000| Untracked 
|  76|0x0000000084c00000, 0x0000000084d00000, 0x0000000084d00000|100%| O|  |TAMS 0x0000000084d00000, 0x0000000084c00000| Untracked 
|  77|0x0000000084d00000, 0x0000000084e00000, 0x0000000084e00000|100%| O|  |TAMS 0x0000000084e00000, 0x0000000084d00000| Untracked 
|  78|0x0000000084e00000, 0x0000000084f00000, 0x0000000084f00000|100%| O|  |TAMS 0x0000000084f00000, 0x0000000084e00000| Untracked 
|  79|0x0000000084f00000, 0x0000000085000000, 0x0000000085000000|100%| O|  |TAMS 0x0000000085000000, 0x0000000084f00000| Untracked 
|  80|0x0000000085000000, 0x0000000085100000, 0x0000000085100000|100%| O|  |TAMS 0x0000000085100000, 0x0000000085000000| Untracked 
|  81|0x0000000085100000, 0x0000000085200000, 0x0000000085200000|100%| O|  |TAMS 0x0000000085200000, 0x0000000085100000| Untracked 
|  82|0x0000000085200000, 0x0000000085300000, 0x0000000085300000|100%| O|  |TAMS 0x0000000085300000, 0x0000000085200000| Untracked 
|  83|0x0000000085300000, 0x0000000085400000, 0x0000000085400000|100%| O|  |TAMS 0x0000000085400000, 0x0000000085300000| Untracked 
|  84|0x0000000085400000, 0x0000000085500000, 0x0000000085500000|100%| O|  |TAMS 0x0000000085500000, 0x0000000085400000| Untracked 
|  85|0x0000000085500000, 0x0000000085600000, 0x0000000085600000|100%| O|  |TAMS 0x0000000085600000, 0x0000000085500000| Untracked 
|  86|0x0000000085600000, 0x0000000085700000, 0x0000000085700000|100%| O|  |TAMS 0x0000000085700000, 0x0000000085600000| Untracked 
|  87|0x0000000085700000, 0x0000000085800000, 0x0000000085800000|100%| O|  |TAMS 0x0000000085800000, 0x0000000085700000| Untracked 
|  88|0x0000000085800000, 0x0000000085900000, 0x0000000085900000|100%| O|  |TAMS 0x0000000085900000, 0x0000000085800000| Untracked 
|  89|0x0000000085900000, 0x0000000085a00000, 0x0000000085a00000|100%| O|  |TAMS 0x0000000085a00000, 0x0000000085900000| Untracked 
|  90|0x0000000085a00000, 0x0000000085b00000, 0x0000000085b00000|100%| O|  |TAMS 0x0000000085b00000, 0x0000000085a00000| Untracked 
|  91|0x0000000085b00000, 0x0000000085c00000, 0x0000000085c00000|100%| O|  |TAMS 0x0000000085c00000, 0x0000000085b00000| Untracked 
|  92|0x0000000085c00000, 0x0000000085d00000, 0x0000000085d00000|100%| O|  |TAMS 0x0000000085d00000, 0x0000000085c00000| Untracked 
|  93|0x0000000085d00000, 0x0000000085e00000, 0x0000000085e00000|100%| O|  |TAMS 0x0000000085e00000, 0x0000000085d00000| Untracked 
|  94|0x0000000085e00000, 0x0000000085f00000, 0x0000000085f00000|100%|HS|  |TAMS 0x0000000085f00000, 0x0000000085e00000| Complete 
|  95|0x0000000085f00000, 0x0000000086000000, 0x0000000086000000|100%|HC|  |TAMS 0x0000000086000000, 0x0000000085f00000| Complete 
|  96|0x0000000086000000, 0x0000000086100000, 0x0000000086100000|100%|HS|  |TAMS 0x0000000086100000, 0x0000000086000000| Complete 
|  97|0x0000000086100000, 0x0000000086200000, 0x0000000086200000|100%|HC|  |TAMS 0x0000000086200000, 0x0000000086100000| Complete 
|  98|0x0000000086200000, 0x0000000086300000, 0x0000000086300000|100%|HC|  |TAMS 0x0000000086300000, 0x0000000086200000| Complete 
|  99|0x0000000086300000, 0x0000000086400000, 0x0000000086400000|100%| O|  |TAMS 0x0000000086400000, 0x0000000086300000| Untracked 
| 100|0x0000000086400000, 0x0000000086500000, 0x0000000086500000|100%| O|  |TAMS 0x0000000086500000, 0x0000000086400000| Untracked 
| 101|0x0000000086500000, 0x0000000086600000, 0x0000000086600000|100%| O|  |TAMS 0x0000000086600000, 0x0000000086500000| Untracked 
| 102|0x0000000086600000, 0x0000000086700000, 0x0000000086700000|100%| O|  |TAMS 0x0000000086700000, 0x0000000086600000| Untracked 
| 103|0x0000000086700000, 0x0000000086800000, 0x0000000086800000|100%| O|  |TAMS 0x0000000086800000, 0x0000000086700000| Untracked 
| 104|0x0000000086800000, 0x0000000086900000, 0x0000000086900000|100%|HS|  |TAMS 0x0000000086900000, 0x0000000086800000| Complete 
| 105|0x0000000086900000, 0x0000000086a00000, 0x0000000086a00000|100%|HC|  |TAMS 0x0000000086a00000, 0x0000000086900000| Complete 
| 106|0x0000000086a00000, 0x0000000086b00000, 0x0000000086b00000|100%|HC|  |TAMS 0x0000000086b00000, 0x0000000086a00000| Complete 
| 107|0x0000000086b00000, 0x0000000086c00000, 0x0000000086c00000|100%|HS|  |TAMS 0x0000000086c00000, 0x0000000086b00000| Complete 
| 108|0x0000000086c00000, 0x0000000086d00000, 0x0000000086d00000|100%|HC|  |TAMS 0x0000000086d00000, 0x0000000086c00000| Complete 
| 109|0x0000000086d00000, 0x0000000086e00000, 0x0000000086e00000|100%|HC|  |TAMS 0x0000000086e00000, 0x0000000086d00000| Complete 
| 110|0x0000000086e00000, 0x0000000086f00000, 0x0000000086f00000|100%|HC|  |TAMS 0x0000000086f00000, 0x0000000086e00000| Complete 
| 111|0x0000000086f00000, 0x0000000087000000, 0x0000000087000000|100%|HS|  |TAMS 0x0000000087000000, 0x0000000086f00000| Complete 
| 112|0x0000000087000000, 0x0000000087100000, 0x0000000087100000|100%|HC|  |TAMS 0x0000000087100000, 0x0000000087000000| Complete 
| 113|0x0000000087100000, 0x0000000087200000, 0x0000000087200000|100%|HC|  |TAMS 0x0000000087200000, 0x0000000087100000| Complete 
| 114|0x0000000087200000, 0x0000000087300000, 0x0000000087300000|100%|HC|  |TAMS 0x0000000087300000, 0x0000000087200000| Complete 
| 115|0x0000000087300000, 0x0000000087400000, 0x0000000087400000|100%|HC|  |TAMS 0x0000000087400000, 0x0000000087300000| Complete 
| 116|0x0000000087400000, 0x0000000087500000, 0x0000000087500000|100%|HS|  |TAMS 0x0000000087500000, 0x0000000087400000| Complete 
| 117|0x0000000087500000, 0x0000000087600000, 0x0000000087600000|100%| O|  |TAMS 0x0000000087600000, 0x0000000087500000| Untracked 
| 118|0x0000000087600000, 0x0000000087700000, 0x0000000087700000|100%| O|  |TAMS 0x0000000087700000, 0x0000000087600000| Untracked 
| 119|0x0000000087700000, 0x0000000087800000, 0x0000000087800000|100%| O|  |TAMS 0x0000000087800000, 0x0000000087700000| Untracked 
| 120|0x0000000087800000, 0x0000000087900000, 0x0000000087900000|100%| O|  |TAMS 0x0000000087900000, 0x0000000087800000| Untracked 
| 121|0x0000000087900000, 0x0000000087a00000, 0x0000000087a00000|100%| O|  |TAMS 0x0000000087a00000, 0x0000000087900000| Untracked 
| 122|0x0000000087a00000, 0x0000000087b00000, 0x0000000087b00000|100%| O|  |TAMS 0x0000000087b00000, 0x0000000087a00000| Untracked 
| 123|0x0000000087b00000, 0x0000000087c00000, 0x0000000087c00000|100%| O|  |TAMS 0x0000000087c00000, 0x0000000087b00000| Untracked 
| 124|0x0000000087c00000, 0x0000000087d00000, 0x0000000087d00000|100%| O|  |TAMS 0x0000000087c00000, 0x0000000087c00000| Untracked 
| 125|0x0000000087d00000, 0x0000000087e00000, 0x0000000087e00000|100%| O|  |TAMS 0x0000000087e00000, 0x0000000087d00000| Untracked 
| 126|0x0000000087e00000, 0x0000000087f00000, 0x0000000087f00000|100%| O|  |TAMS 0x0000000087f00000, 0x0000000087e00000| Untracked 
| 127|0x0000000087f00000, 0x0000000088000000, 0x0000000088000000|100%| O|  |TAMS 0x0000000088000000, 0x0000000087f00000| Untracked 
| 128|0x0000000088000000, 0x0000000088100000, 0x0000000088100000|100%| O|  |TAMS 0x0000000088100000, 0x0000000088000000| Untracked 
| 129|0x0000000088100000, 0x0000000088200000, 0x0000000088200000|100%| O|  |TAMS 0x0000000088200000, 0x0000000088100000| Untracked 
| 130|0x0000000088200000, 0x0000000088300000, 0x0000000088300000|100%| O|  |TAMS 0x0000000088300000, 0x0000000088200000| Untracked 
| 131|0x0000000088300000, 0x0000000088400000, 0x0000000088400000|100%| O|  |TAMS 0x0000000088400000, 0x0000000088300000| Untracked 
| 132|0x0000000088400000, 0x0000000088500000, 0x0000000088500000|100%| O|  |TAMS 0x0000000088500000, 0x0000000088400000| Untracked 
| 133|0x0000000088500000, 0x0000000088600000, 0x0000000088600000|100%| O|  |TAMS 0x0000000088600000, 0x0000000088500000| Untracked 
| 134|0x0000000088600000, 0x0000000088700000, 0x0000000088700000|100%| O|  |TAMS 0x0000000088700000, 0x0000000088600000| Untracked 
| 135|0x0000000088700000, 0x0000000088800000, 0x0000000088800000|100%| O|  |TAMS 0x0000000088800000, 0x0000000088700000| Untracked 
| 136|0x0000000088800000, 0x0000000088900000, 0x0000000088900000|100%| O|  |TAMS 0x0000000088900000, 0x0000000088800000| Untracked 
| 137|0x0000000088900000, 0x0000000088a00000, 0x0000000088a00000|100%| O|  |TAMS 0x0000000088a00000, 0x0000000088900000| Untracked 
| 138|0x0000000088a00000, 0x0000000088b00000, 0x0000000088b00000|100%| O|  |TAMS 0x0000000088b00000, 0x0000000088a00000| Untracked 
| 139|0x0000000088b00000, 0x0000000088c00000, 0x0000000088c00000|100%| O|  |TAMS 0x0000000088c00000, 0x0000000088b00000| Untracked 
| 140|0x0000000088c00000, 0x0000000088d00000, 0x0000000088d00000|100%| O|  |TAMS 0x0000000088d00000, 0x0000000088c00000| Untracked 
| 141|0x0000000088d00000, 0x0000000088e00000, 0x0000000088e00000|100%| O|  |TAMS 0x0000000088e00000, 0x0000000088d00000| Untracked 
| 142|0x0000000088e00000, 0x0000000088f00000, 0x0000000088f00000|100%| O|  |TAMS 0x0000000088f00000, 0x0000000088e00000| Untracked 
| 143|0x0000000088f00000, 0x0000000089000000, 0x0000000089000000|100%| O|  |TAMS 0x0000000089000000, 0x0000000088f00000| Untracked 
| 144|0x0000000089000000, 0x0000000089100000, 0x0000000089100000|100%| O|  |TAMS 0x0000000089100000, 0x0000000089000000| Untracked 
| 145|0x0000000089100000, 0x0000000089200000, 0x0000000089200000|100%| O|  |TAMS 0x0000000089200000, 0x0000000089100000| Untracked 
| 146|0x0000000089200000, 0x0000000089300000, 0x0000000089300000|100%| O|  |TAMS 0x0000000089300000, 0x0000000089200000| Untracked 
| 147|0x0000000089300000, 0x0000000089400000, 0x0000000089400000|100%| O|  |TAMS 0x0000000089400000, 0x0000000089300000| Untracked 
| 148|0x0000000089400000, 0x0000000089500000, 0x0000000089500000|100%| O|  |TAMS 0x0000000089500000, 0x0000000089400000| Untracked 
| 149|0x0000000089500000, 0x0000000089600000, 0x0000000089600000|100%| O|  |TAMS 0x0000000089600000, 0x0000000089500000| Untracked 
| 150|0x0000000089600000, 0x0000000089700000, 0x0000000089700000|100%| O|  |TAMS 0x0000000089700000, 0x0000000089600000| Untracked 
| 151|0x0000000089700000, 0x0000000089800000, 0x0000000089800000|100%| O|  |TAMS 0x0000000089800000, 0x0000000089700000| Untracked 
| 152|0x0000000089800000, 0x0000000089900000, 0x0000000089900000|100%| O|  |TAMS 0x0000000089900000, 0x0000000089800000| Untracked 
| 153|0x0000000089900000, 0x0000000089a00000, 0x0000000089a00000|100%| O|  |TAMS 0x0000000089a00000, 0x0000000089900000| Untracked 
| 154|0x0000000089a00000, 0x0000000089b00000, 0x0000000089b00000|100%| O|  |TAMS 0x0000000089b00000, 0x0000000089a00000| Untracked 
| 155|0x0000000089b00000, 0x0000000089c00000, 0x0000000089c00000|100%| O|  |TAMS 0x0000000089c00000, 0x0000000089b00000| Untracked 
| 156|0x0000000089c00000, 0x0000000089d00000, 0x0000000089d00000|100%| O|  |TAMS 0x0000000089d00000, 0x0000000089c00000| Untracked 
| 157|0x0000000089d00000, 0x0000000089e00000, 0x0000000089e00000|100%| O|  |TAMS 0x0000000089e00000, 0x0000000089d00000| Untracked 
| 158|0x0000000089e00000, 0x0000000089f00000, 0x0000000089f00000|100%| O|  |TAMS 0x0000000089f00000, 0x0000000089e00000| Untracked 
| 159|0x0000000089f00000, 0x000000008a000000, 0x000000008a000000|100%| O|  |TAMS 0x000000008a000000, 0x0000000089f00000| Untracked 
| 160|0x000000008a000000, 0x000000008a100000, 0x000000008a100000|100%| O|  |TAMS 0x000000008a100000, 0x000000008a000000| Untracked 
| 161|0x000000008a100000, 0x000000008a200000, 0x000000008a200000|100%| O|  |TAMS 0x000000008a200000, 0x000000008a100000| Untracked 
| 162|0x000000008a200000, 0x000000008a300000, 0x000000008a300000|100%| O|  |TAMS 0x000000008a300000, 0x000000008a200000| Untracked 
| 163|0x000000008a300000, 0x000000008a400000, 0x000000008a400000|100%| O|  |TAMS 0x000000008a400000, 0x000000008a300000| Untracked 
| 164|0x000000008a400000, 0x000000008a500000, 0x000000008a500000|100%| O|  |TAMS 0x000000008a500000, 0x000000008a400000| Untracked 
| 165|0x000000008a500000, 0x000000008a600000, 0x000000008a600000|100%| O|  |TAMS 0x000000008a600000, 0x000000008a500000| Untracked 
| 166|0x000000008a600000, 0x000000008a700000, 0x000000008a700000|100%| O|  |TAMS 0x000000008a700000, 0x000000008a600000| Untracked 
| 167|0x000000008a700000, 0x000000008a800000, 0x000000008a800000|100%| O|  |TAMS 0x000000008a800000, 0x000000008a700000| Untracked 
| 168|0x000000008a800000, 0x000000008a900000, 0x000000008a900000|100%| O|  |TAMS 0x000000008a900000, 0x000000008a800000| Untracked 
| 169|0x000000008a900000, 0x000000008aa00000, 0x000000008aa00000|100%| O|  |TAMS 0x000000008aa00000, 0x000000008a900000| Untracked 
| 170|0x000000008aa00000, 0x000000008ab00000, 0x000000008ab00000|100%| O|  |TAMS 0x000000008ab00000, 0x000000008aa00000| Untracked 
| 171|0x000000008ab00000, 0x000000008ac00000, 0x000000008ac00000|100%| O|  |TAMS 0x000000008ac00000, 0x000000008ab00000| Untracked 
| 172|0x000000008ac00000, 0x000000008ad00000, 0x000000008ad00000|100%|HS|  |TAMS 0x000000008ad00000, 0x000000008ac00000| Complete 
| 173|0x000000008ad00000, 0x000000008ae00000, 0x000000008ae00000|100%|HC|  |TAMS 0x000000008ae00000, 0x000000008ad00000| Complete 
| 174|0x000000008ae00000, 0x000000008af00000, 0x000000008af00000|100%| O|  |TAMS 0x000000008ae00000, 0x000000008ae00000| Untracked 
| 175|0x000000008af00000, 0x000000008b000000, 0x000000008b000000|100%| O|  |TAMS 0x000000008af00000, 0x000000008af00000| Untracked 
| 176|0x000000008b000000, 0x000000008b100000, 0x000000008b100000|100%| O|  |TAMS 0x000000008b000000, 0x000000008b000000| Untracked 
| 177|0x000000008b100000, 0x000000008b200000, 0x000000008b200000|100%| O|  |TAMS 0x000000008b100000, 0x000000008b100000| Untracked 
| 178|0x000000008b200000, 0x000000008b300000, 0x000000008b300000|100%| O|  |TAMS 0x000000008b200000, 0x000000008b200000| Untracked 
| 179|0x000000008b300000, 0x000000008b400000, 0x000000008b400000|100%| O|  |TAMS 0x000000008b300000, 0x000000008b300000| Untracked 
| 180|0x000000008b400000, 0x000000008b500000, 0x000000008b500000|100%| O|  |TAMS 0x000000008b400000, 0x000000008b400000| Untracked 
| 181|0x000000008b500000, 0x000000008b600000, 0x000000008b600000|100%| O|  |TAMS 0x000000008b500000, 0x000000008b500000| Untracked 
| 182|0x000000008b600000, 0x000000008b700000, 0x000000008b700000|100%| O|  |TAMS 0x000000008b600000, 0x000000008b600000| Untracked 
| 183|0x000000008b700000, 0x000000008b800000, 0x000000008b800000|100%| O|  |TAMS 0x000000008b700000, 0x000000008b700000| Untracked 
| 184|0x000000008b800000, 0x000000008b900000, 0x000000008b900000|100%| O|  |TAMS 0x000000008b800000, 0x000000008b800000| Untracked 
| 185|0x000000008b900000, 0x000000008ba00000, 0x000000008ba00000|100%| O|  |TAMS 0x000000008b900000, 0x000000008b900000| Untracked 
| 186|0x000000008ba00000, 0x000000008bb00000, 0x000000008bb00000|100%| O|  |TAMS 0x000000008ba00000, 0x000000008ba00000| Untracked 
| 187|0x000000008bb00000, 0x000000008bc00000, 0x000000008bc00000|100%| O|  |TAMS 0x000000008bb00000, 0x000000008bb00000| Untracked 
| 188|0x000000008bc00000, 0x000000008bd00000, 0x000000008bd00000|100%| O|  |TAMS 0x000000008bc00000, 0x000000008bc00000| Untracked 
| 189|0x000000008bd00000, 0x000000008bd61400, 0x000000008be00000| 37%| O|  |TAMS 0x000000008bd00000, 0x000000008bd00000| Untracked 
| 190|0x000000008be00000, 0x000000008be00000, 0x000000008bf00000|  0%| F|  |TAMS 0x000000008be00000, 0x000000008be00000| Untracked 
| 191|0x000000008bf00000, 0x000000008c000000, 0x000000008c000000|100%|HS|  |TAMS 0x000000008bf00000, 0x000000008bf00000| Complete 
| 192|0x000000008c000000, 0x000000008c100000, 0x000000008c100000|100%|HC|  |TAMS 0x000000008c000000, 0x000000008c000000| Complete 
| 193|0x000000008c100000, 0x000000008c100000, 0x000000008c200000|  0%| F|  |TAMS 0x000000008c100000, 0x000000008c100000| Untracked 
| 194|0x000000008c200000, 0x000000008c200000, 0x000000008c300000|  0%| F|  |TAMS 0x000000008c200000, 0x000000008c200000| Untracked 
| 195|0x000000008c300000, 0x000000008c300000, 0x000000008c400000|  0%| F|  |TAMS 0x000000008c300000, 0x000000008c300000| Untracked 
| 196|0x000000008c400000, 0x000000008c400000, 0x000000008c500000|  0%| F|  |TAMS 0x000000008c400000, 0x000000008c400000| Untracked 
| 197|0x000000008c500000, 0x000000008c500000, 0x000000008c600000|  0%| F|  |TAMS 0x000000008c500000, 0x000000008c500000| Untracked 
| 198|0x000000008c600000, 0x000000008c600000, 0x000000008c700000|  0%| F|  |TAMS 0x000000008c600000, 0x000000008c600000| Untracked 
| 199|0x000000008c700000, 0x000000008c700000, 0x000000008c800000|  0%| F|  |TAMS 0x000000008c700000, 0x000000008c700000| Untracked 
| 200|0x000000008c800000, 0x000000008c800000, 0x000000008c900000|  0%| F|  |TAMS 0x000000008c800000, 0x000000008c800000| Untracked 
| 201|0x000000008c900000, 0x000000008c900000, 0x000000008ca00000|  0%| F|  |TAMS 0x000000008c900000, 0x000000008c900000| Untracked 
| 202|0x000000008ca00000, 0x000000008ca00000, 0x000000008cb00000|  0%| F|  |TAMS 0x000000008ca00000, 0x000000008ca00000| Untracked 
| 203|0x000000008cb00000, 0x000000008cb00000, 0x000000008cc00000|  0%| F|  |TAMS 0x000000008cb00000, 0x000000008cb00000| Untracked 
| 204|0x000000008cc00000, 0x000000008cc00000, 0x000000008cd00000|  0%| F|  |TAMS 0x000000008cc00000, 0x000000008cc00000| Untracked 
| 205|0x000000008cd00000, 0x000000008cd00000, 0x000000008ce00000|  0%| F|  |TAMS 0x000000008cd00000, 0x000000008cd00000| Untracked 
| 206|0x000000008ce00000, 0x000000008ce00000, 0x000000008cf00000|  0%| F|  |TAMS 0x000000008ce00000, 0x000000008ce00000| Untracked 
| 207|0x000000008cf00000, 0x000000008cf00000, 0x000000008d000000|  0%| F|  |TAMS 0x000000008cf00000, 0x000000008cf00000| Untracked 
| 208|0x000000008d000000, 0x000000008d000000, 0x000000008d100000|  0%| F|  |TAMS 0x000000008d000000, 0x000000008d000000| Untracked 
| 209|0x000000008d100000, 0x000000008d100000, 0x000000008d200000|  0%| F|  |TAMS 0x000000008d100000, 0x000000008d100000| Untracked 
| 210|0x000000008d200000, 0x000000008d200000, 0x000000008d300000|  0%| F|  |TAMS 0x000000008d200000, 0x000000008d200000| Untracked 
| 211|0x000000008d300000, 0x000000008d400000, 0x000000008d400000|100%| S|CS|TAMS 0x000000008d300000, 0x000000008d300000| Complete 
| 212|0x000000008d400000, 0x000000008d400000, 0x000000008d500000|  0%| F|  |TAMS 0x000000008d400000, 0x000000008d400000| Untracked 
| 213|0x000000008d500000, 0x000000008d500000, 0x000000008d600000|  0%| F|  |TAMS 0x000000008d500000, 0x000000008d500000| Untracked 
| 214|0x000000008d600000, 0x000000008d700000, 0x000000008d700000|100%| S|CS|TAMS 0x000000008d600000, 0x000000008d600000| Complete 
| 215|0x000000008d700000, 0x000000008d700000, 0x000000008d800000|  0%| F|  |TAMS 0x000000008d700000, 0x000000008d700000| Untracked 
| 216|0x000000008d800000, 0x000000008d800000, 0x000000008d900000|  0%| F|  |TAMS 0x000000008d800000, 0x000000008d800000| Untracked 
| 217|0x000000008d900000, 0x000000008d900000, 0x000000008da00000|  0%| F|  |TAMS 0x000000008d900000, 0x000000008d900000| Untracked 
| 218|0x000000008da00000, 0x000000008da00000, 0x000000008db00000|  0%| F|  |TAMS 0x000000008da00000, 0x000000008da00000| Untracked 
| 219|0x000000008db00000, 0x000000008db00000, 0x000000008dc00000|  0%| F|  |TAMS 0x000000008db00000, 0x000000008db00000| Untracked 
| 220|0x000000008dc00000, 0x000000008dc00000, 0x000000008dd00000|  0%| F|  |TAMS 0x000000008dc00000, 0x000000008dc00000| Untracked 
| 221|0x000000008dd00000, 0x000000008dd00000, 0x000000008de00000|  0%| F|  |TAMS 0x000000008dd00000, 0x000000008dd00000| Untracked 
| 222|0x000000008de00000, 0x000000008de00000, 0x000000008df00000|  0%| F|  |TAMS 0x000000008de00000, 0x000000008de00000| Untracked 
| 223|0x000000008df00000, 0x000000008df00000, 0x000000008e000000|  0%| F|  |TAMS 0x000000008df00000, 0x000000008df00000| Untracked 

Card table byte_map: [0x0000022d2b790000,0x0000022d2bb90000] _byte_map_base: 0x0000022d2b390000

Marking Bits (Prev, Next): (CMBitMap*) 0x0000022d17e3d460, (CMBitMap*) 0x0000022d17e3d428
 Prev Bits: [0x0000022d2df90000, 0x0000022d2ff90000)
 Next Bits: [0x0000022d2bf90000, 0x0000022d2df90000)

Polling page: 0x0000022d165c0000

Metaspace:

Usage:
  Non-class:    100.02 MB capacity,    97.81 MB ( 98%) used,     1.86 MB (  2%) free+waste,   361.94 KB ( <1%) overhead. 
      Class:     15.40 MB capacity,    14.22 MB ( 92%) used,     1.03 MB (  7%) free+waste,   161.94 KB (  1%) overhead. 
       Both:    115.42 MB capacity,   112.02 MB ( 97%) used,     2.89 MB (  3%) free+waste,   523.88 KB ( <1%) overhead. 

Virtual space:
  Non-class space:      102.00 MB reserved,     100.25 MB ( 98%) committed 
      Class space:        1.00 GB reserved,      15.45 MB (  2%) committed 
             Both:        1.10 GB reserved,     115.70 MB ( 10%) committed 

Chunk freelists:
   Non-Class:  3.00 KB
       Class:  5.00 KB
        Both:  8.00 KB

MaxMetaspaceSize: 17179869184.00 GB
CompressedClassSpaceSize: 1.00 GB
Initial GC threshold: 20.80 MB
Current GC threshold: 188.25 MB
CDS: off

CodeHeap 'non-profiled nmethods': size=120000Kb used=10977Kb max_used=10977Kb free=109022Kb
 bounds [0x0000022d233f0000, 0x0000022d23eb0000, 0x0000022d2a920000]
CodeHeap 'profiled nmethods': size=120000Kb used=35062Kb max_used=35062Kb free=84937Kb
 bounds [0x0000022d1bec0000, 0x0000022d1e100000, 0x0000022d233f0000]
CodeHeap 'non-nmethods': size=5760Kb used=2436Kb max_used=2510Kb free=3323Kb
 bounds [0x0000022d1b920000, 0x0000022d1bba0000, 0x0000022d1bec0000]
 total_blobs=16719 nmethods=15756 adapters=874
 compilation: enabled
              stopped_count=0, restarted_count=0
 full_count=0

Compilation events (20 events):
Event: 959.429 Thread 0x0000022d33338800 nmethod 15922 0x0000022d1e0f9890 code [0x0000022d1e0f9a60, 0x0000022d1e0f9c78]
Event: 959.429 Thread 0x0000022d33338800 15923       2       java.io.ObjectOutputStream$HandleTable::clear (27 bytes)
Event: 959.429 Thread 0x0000022d33338800 nmethod 15923 0x0000022d1e0f9e10 code [0x0000022d1e0f9fe0, 0x0000022d1e0fa218]
Event: 959.429 Thread 0x0000022d33338800 15924 %     3       java.util.zip.ZipFile$Source::getEntryPos @ 33 (206 bytes)
Event: 959.430 Thread 0x0000022d33338800 nmethod 15924% 0x0000022d1e0fa390 code [0x0000022d1e0fa620, 0x0000022d1e0fb378]
Event: 959.430 Thread 0x0000022d33338800 15926       2       java.lang.ThreadLocal$ThreadLocalMap$Entry::<init> (11 bytes)
Event: 959.430 Thread 0x0000022d33338800 nmethod 15926 0x0000022d1e0fba10 code [0x0000022d1e0fbbc0, 0x0000022d1e0fbdf8]
Event: 959.430 Thread 0x0000022d33338800 15925       2       java.security.AccessControlContext::calculateFields (89 bytes)
Event: 959.431 Thread 0x0000022d33338800 nmethod 15925 0x0000022d1e0fbe90 code [0x0000022d1e0fc060, 0x0000022d1e0fc358]
Event: 959.433 Thread 0x0000022d33338800 15928       2       com.google.common.base.Preconditions::checkState (17 bytes)
Event: 959.433 Thread 0x0000022d33338800 nmethod 15928 0x0000022d1e0fc490 code [0x0000022d1e0fc660, 0x0000022d1e0fc838]
Event: 959.433 Thread 0x0000022d33338800 15929       2       java.nio.Buffer::nextPutIndex (32 bytes)
Event: 959.434 Thread 0x0000022d33338800 nmethod 15929 0x0000022d1e0fc990 code [0x0000022d1e0fcb40, 0x0000022d1e0fcca8]
Event: 959.434 Thread 0x0000022d33338800 15931       2       java.io.ObjectStreamClass::getFields (22 bytes)
Event: 959.434 Thread 0x0000022d33338800 nmethod 15931 0x0000022d1e0fcd90 code [0x0000022d1e0fcf40, 0x0000022d1e0fd0a8]
Event: 959.434 Thread 0x0000022d33338800 15935       2       jdk.internal.reflect.MethodAccessorGenerator::usesPrimitiveTypes (45 bytes)
Event: 959.434 Thread 0x0000022d33338800 nmethod 15935 0x0000022d1e0fd190 code [0x0000022d1e0fd340, 0x0000022d1e0fd538]
Event: 959.434 Thread 0x0000022d33338800 15932       2       java.io.SerialCallbackContext::<init> (22 bytes)
Event: 959.434 Thread 0x0000022d33338800 nmethod 15932 0x0000022d1e0fd690 code [0x0000022d1e0fd840, 0x0000022d1e0fda58]
Event: 959.434 Thread 0x0000022d33338800 15933       2       java.io.SerialCallbackContext::setUsed (6 bytes)

GC Heap History (20 events):
Event: 958.858 GC heap after
{Heap after GC invocations=55 (full 0):
 garbage-first heap   total 229376K, used 190375K [0x0000000080000000, 0x0000000100000000)
  region size 1024K, 2 young (2048K), 2 survivors (2048K)
 Metaspace       used 114044K, capacity 117480K, committed 117580K, reserved 1150976K
  class space    used 14462K, capacity 15653K, committed 15692K, reserved 1048576K
}
Event: 958.896 GC heap before
{Heap before GC invocations=55 (full 0):
 garbage-first heap   total 229376K, used 198567K [0x0000000080000000, 0x0000000100000000)
  region size 1024K, 11 young (11264K), 2 survivors (2048K)
 Metaspace       used 114044K, capacity 117480K, committed 117580K, reserved 1150976K
  class space    used 14462K, capacity 15653K, committed 15692K, reserved 1048576K
}
Event: 958.898 GC heap after
{Heap after GC invocations=56 (full 0):
 garbage-first heap   total 229376K, used 190832K [0x0000000080000000, 0x0000000100000000)
  region size 1024K, 2 young (2048K), 2 survivors (2048K)
 Metaspace       used 114044K, capacity 117480K, committed 117580K, reserved 1150976K
  class space    used 14462K, capacity 15653K, committed 15692K, reserved 1048576K
}
Event: 958.961 GC heap before
{Heap before GC invocations=56 (full 0):
 garbage-first heap   total 229376K, used 199024K [0x0000000080000000, 0x0000000100000000)
  region size 1024K, 11 young (11264K), 2 survivors (2048K)
 Metaspace       used 114062K, capacity 117482K, committed 117580K, reserved 1150976K
  class space    used 14463K, capacity 15653K, committed 15692K, reserved 1048576K
}
Event: 958.963 GC heap after
{Heap after GC invocations=57 (full 0):
 garbage-first heap   total 229376K, used 191548K [0x0000000080000000, 0x0000000100000000)
  region size 1024K, 2 young (2048K), 2 survivors (2048K)
 Metaspace       used 114062K, capacity 117482K, committed 117580K, reserved 1150976K
  class space    used 14463K, capacity 15653K, committed 15692K, reserved 1048576K
}
Event: 959.010 GC heap before
{Heap before GC invocations=57 (full 0):
 garbage-first heap   total 229376K, used 199740K [0x0000000080000000, 0x0000000100000000)
  region size 1024K, 11 young (11264K), 2 survivors (2048K)
 Metaspace       used 114064K, capacity 117482K, committed 117580K, reserved 1150976K
  class space    used 14463K, capacity 15653K, committed 15692K, reserved 1048576K
}
Event: 959.012 GC heap after
{Heap after GC invocations=58 (full 0):
 garbage-first heap   total 229376K, used 191979K [0x0000000080000000, 0x0000000100000000)
  region size 1024K, 2 young (2048K), 2 survivors (2048K)
 Metaspace       used 114064K, capacity 117482K, committed 117580K, reserved 1150976K
  class space    used 14463K, capacity 15653K, committed 15692K, reserved 1048576K
}
Event: 959.054 GC heap before
{Heap before GC invocations=58 (full 0):
 garbage-first heap   total 229376K, used 200171K [0x0000000080000000, 0x0000000100000000)
  region size 1024K, 11 young (11264K), 2 survivors (2048K)
 Metaspace       used 114068K, capacity 117482K, committed 117580K, reserved 1150976K
  class space    used 14463K, capacity 15653K, committed 15692K, reserved 1048576K
}
Event: 959.056 GC heap after
{Heap after GC invocations=59 (full 0):
 garbage-first heap   total 229376K, used 192594K [0x0000000080000000, 0x0000000100000000)
  region size 1024K, 2 young (2048K), 2 survivors (2048K)
 Metaspace       used 114068K, capacity 117482K, committed 117580K, reserved 1150976K
  class space    used 14463K, capacity 15653K, committed 15692K, reserved 1048576K
}
Event: 959.099 GC heap before
{Heap before GC invocations=59 (full 0):
 garbage-first heap   total 229376K, used 200786K [0x0000000080000000, 0x0000000100000000)
  region size 1024K, 11 young (11264K), 2 survivors (2048K)
 Metaspace       used 114072K, capacity 117484K, committed 117580K, reserved 1150976K
  class space    used 14463K, capacity 15653K, committed 15692K, reserved 1048576K
}
Event: 959.101 GC heap after
{Heap after GC invocations=60 (full 0):
 garbage-first heap   total 229376K, used 192859K [0x0000000080000000, 0x0000000100000000)
  region size 1024K, 2 young (2048K), 2 survivors (2048K)
 Metaspace       used 114072K, capacity 117484K, committed 117580K, reserved 1150976K
  class space    used 14463K, capacity 15653K, committed 15692K, reserved 1048576K
}
Event: 959.149 GC heap before
{Heap before GC invocations=60 (full 0):
 garbage-first heap   total 229376K, used 201051K [0x0000000080000000, 0x0000000100000000)
  region size 1024K, 11 young (11264K), 2 survivors (2048K)
 Metaspace       used 114077K, capacity 117484K, committed 117580K, reserved 1150976K
  class space    used 14463K, capacity 15653K, committed 15692K, reserved 1048576K
}
Event: 959.153 GC heap after
{Heap after GC invocations=61 (full 0):
 garbage-first heap   total 229376K, used 193590K [0x0000000080000000, 0x0000000100000000)
  region size 1024K, 2 young (2048K), 2 survivors (2048K)
 Metaspace       used 114077K, capacity 117484K, committed 117580K, reserved 1150976K
  class space    used 14463K, capacity 15653K, committed 15692K, reserved 1048576K
}
Event: 959.195 GC heap before
{Heap before GC invocations=61 (full 0):
 garbage-first heap   total 229376K, used 201782K [0x0000000080000000, 0x0000000100000000)
  region size 1024K, 11 young (11264K), 2 survivors (2048K)
 Metaspace       used 114092K, capacity 117485K, committed 117580K, reserved 1150976K
  class space    used 14464K, capacity 15653K, committed 15692K, reserved 1048576K
}
Event: 959.198 GC heap after
{Heap after GC invocations=62 (full 0):
 garbage-first heap   total 229376K, used 194019K [0x0000000080000000, 0x0000000100000000)
  region size 1024K, 2 young (2048K), 2 survivors (2048K)
 Metaspace       used 114092K, capacity 117485K, committed 117580K, reserved 1150976K
  class space    used 14464K, capacity 15653K, committed 15692K, reserved 1048576K
}
Event: 959.241 GC heap before
{Heap before GC invocations=62 (full 0):
 garbage-first heap   total 229376K, used 202211K [0x0000000080000000, 0x0000000100000000)
  region size 1024K, 11 young (11264K), 2 survivors (2048K)
 Metaspace       used 114099K, capacity 117485K, committed 117580K, reserved 1150976K
  class space    used 14464K, capacity 15653K, committed 15692K, reserved 1048576K
}
Event: 959.244 GC heap after
{Heap after GC invocations=63 (full 0):
 garbage-first heap   total 229376K, used 194431K [0x0000000080000000, 0x0000000100000000)
  region size 1024K, 2 young (2048K), 2 survivors (2048K)
 Metaspace       used 114099K, capacity 117485K, committed 117580K, reserved 1150976K
  class space    used 14464K, capacity 15653K, committed 15692K, reserved 1048576K
}
Event: 959.324 GC heap before
{Heap before GC invocations=63 (full 0):
 garbage-first heap   total 229376K, used 204671K [0x0000000080000000, 0x0000000100000000)
  region size 1024K, 11 young (11264K), 2 survivors (2048K)
 Metaspace       used 114242K, capacity 117556K, committed 117836K, reserved 1150976K
  class space    used 14476K, capacity 15655K, committed 15692K, reserved 1048576K
}
Event: 959.326 GC heap after
{Heap after GC invocations=64 (full 0):
 garbage-first heap   total 229376K, used 195944K [0x0000000080000000, 0x0000000100000000)
  region size 1024K, 2 young (2048K), 2 survivors (2048K)
 Metaspace       used 114242K, capacity 117556K, committed 117836K, reserved 1150976K
  class space    used 14476K, capacity 15655K, committed 15692K, reserved 1048576K
}
Event: 959.434 GC heap before
{Heap before GC invocations=64 (full 0):
 garbage-first heap   total 229376K, used 206184K [0x0000000080000000, 0x0000000100000000)
  region size 1024K, 11 young (11264K), 2 survivors (2048K)
 Metaspace       used 114711K, capacity 118192K, committed 118476K, reserved 1153024K
  class space    used 14556K, capacity 15771K, committed 15820K, reserved 1048576K
}

Deoptimization events (20 events):
Event: 959.421 Thread 0x0000022d34a89000 Uncommon trap: trap_request=0xffffff4d fr.pc=0x0000022d23bb08a8 relative=0x00000000000004e8
Event: 959.421 Thread 0x0000022d34a89000 Uncommon trap: reason=unstable_if action=reinterpret pc=0x0000022d23bb08a8 method=java.io.ObjectOutputStream$BlockDataOutputStream.writeBytes(Ljava/lang/String;)V @ 22 c2
Event: 959.421 Thread 0x0000022d34a89000 DEOPT PACKING pc=0x0000022d23bb08a8 sp=0x000000305ebf94a0
Event: 959.421 Thread 0x0000022d34a89000 DEOPT UNPACKING pc=0x0000022d1b96a1af sp=0x000000305ebf9448 mode 2
Event: 959.432 Thread 0x0000022d363cc800 Uncommon trap: trap_request=0xffffffde fr.pc=0x0000022d23c58fb8 relative=0x0000000000000a38
Event: 959.432 Thread 0x0000022d363ce800 Uncommon trap: trap_request=0xffffffde fr.pc=0x0000022d23c58fb8 relative=0x0000000000000a38
Event: 959.432 Thread 0x0000022d363cf000 Uncommon trap: trap_request=0xffffffde fr.pc=0x0000022d23c58fb8 relative=0x0000000000000a38
Event: 959.432 Thread 0x0000022d363cc000 Uncommon trap: trap_request=0xffffffde fr.pc=0x0000022d23c58fb8 relative=0x0000000000000a38
Event: 959.432 Thread 0x0000022d363cf000 Uncommon trap: reason=class_check action=maybe_recompile pc=0x0000022d23c58fb8 method=org.gradle.tooling.internal.provider.runner.ClientBuildEventGenerator.started(Lorg/gradle/internal/operations/BuildOperationDescriptor;Lorg/gradle/internal/operations/Op
Event: 959.432 Thread 0x0000022d363ce800 Uncommon trap: reason=class_check action=maybe_recompile pc=0x0000022d23c58fb8 method=org.gradle.tooling.internal.provider.runner.ClientBuildEventGenerator.started(Lorg/gradle/internal/operations/BuildOperationDescriptor;Lorg/gradle/internal/operations/Op
Event: 959.432 Thread 0x0000022d363cf000 DEOPT PACKING pc=0x0000022d23c58fb8 sp=0x00000030601fe250
Event: 959.432 Thread 0x0000022d363cc800 Uncommon trap: reason=class_check action=maybe_recompile pc=0x0000022d23c58fb8 method=org.gradle.tooling.internal.provider.runner.ClientBuildEventGenerator.started(Lorg/gradle/internal/operations/BuildOperationDescriptor;Lorg/gradle/internal/operations/Op
Event: 959.432 Thread 0x0000022d363ce800 DEOPT PACKING pc=0x0000022d23c58fb8 sp=0x00000030600fe050
Event: 959.432 Thread 0x0000022d363cc000 Uncommon trap: reason=class_check action=maybe_recompile pc=0x0000022d23c58fb8 method=org.gradle.tooling.internal.provider.runner.ClientBuildEventGenerator.started(Lorg/gradle/internal/operations/BuildOperationDescriptor;Lorg/gradle/internal/operations/Op
Event: 959.432 Thread 0x0000022d363cc800 DEOPT PACKING pc=0x0000022d23c58fb8 sp=0x000000305fffdd10
Event: 959.432 Thread 0x0000022d363cf000 DEOPT UNPACKING pc=0x0000022d1b96a1af sp=0x00000030601fe1f8 mode 2
Event: 959.432 Thread 0x0000022d363cc000 DEOPT PACKING pc=0x0000022d23c58fb8 sp=0x000000305fefe000
Event: 959.432 Thread 0x0000022d363ce800 DEOPT UNPACKING pc=0x0000022d1b96a1af sp=0x00000030600fdff8 mode 2
Event: 959.432 Thread 0x0000022d363cc800 DEOPT UNPACKING pc=0x0000022d1b96a1af sp=0x000000305fffdcb8 mode 2
Event: 959.432 Thread 0x0000022d363cc000 DEOPT UNPACKING pc=0x0000022d1b96a1af sp=0x000000305fefdfa8 mode 2

Classes redefined (0 events):
No events

Internal exceptions (20 events):
Event: 958.384 Thread 0x0000022d363c4800 Exception <a 'sun/nio/fs/WindowsException'{0x000000008d5c4db0}> (0x000000008d5c4db0) thrown at [./src/hotspot/share/prims/jni.cpp, line 616]
Event: 958.387 Thread 0x0000022d363c4800 Exception <a 'sun/nio/fs/WindowsException'{0x000000008d5f6bf0}> (0x000000008d5f6bf0) thrown at [./src/hotspot/share/prims/jni.cpp, line 616]
Event: 958.387 Thread 0x0000022d363c4800 Exception <a 'sun/nio/fs/WindowsException'{0x000000008d5f6d88}> (0x000000008d5f6d88) thrown at [./src/hotspot/share/prims/jni.cpp, line 616]
Event: 958.407 Thread 0x0000022d363c4800 Exception <a 'java/lang/NoSuchMethodError'{0x000000008d4ba538}: 'int java.lang.invoke.DirectMethodHandle$Holder.invokeVirtual(java.lang.Object, java.lang.Object, java.lang.Object, java.lang.Object)'> (0x000000008d4ba538) thrown at [./src/hotspot/share/interpreter/linkResolver.cpp, line 773]
Event: 958.566 Thread 0x0000022d363c4800 Exception <a 'sun/nio/fs/WindowsException'{0x000000008dc021e0}> (0x000000008dc021e0) thrown at [./src/hotspot/share/prims/jni.cpp, line 616]
Event: 958.589 Thread 0x0000022d363c4800 Exception <a 'sun/nio/fs/WindowsException'{0x000000008dce10d8}> (0x000000008dce10d8) thrown at [./src/hotspot/share/prims/jni.cpp, line 616]
Event: 958.589 Thread 0x0000022d363c4800 Exception <a 'sun/nio/fs/WindowsException'{0x000000008dce1270}> (0x000000008dce1270) thrown at [./src/hotspot/share/prims/jni.cpp, line 616]
Event: 958.591 Thread 0x0000022d363c4800 Exception <a 'sun/nio/fs/WindowsException'{0x000000008db10898}> (0x000000008db10898) thrown at [./src/hotspot/share/prims/jni.cpp, line 616]
Event: 958.591 Thread 0x0000022d363c4800 Exception <a 'sun/nio/fs/WindowsException'{0x000000008db10a20}> (0x000000008db10a20) thrown at [./src/hotspot/share/prims/jni.cpp, line 616]
Event: 958.624 Thread 0x0000022d363c4800 Exception <a 'sun/nio/fs/WindowsException'{0x000000008da75568}> (0x000000008da75568) thrown at [./src/hotspot/share/prims/jni.cpp, line 616]
Event: 958.624 Thread 0x0000022d363c4800 Exception <a 'sun/nio/fs/WindowsException'{0x000000008da75720}> (0x000000008da75720) thrown at [./src/hotspot/share/prims/jni.cpp, line 616]
Event: 958.673 Thread 0x0000022d363c4800 Exception <a 'sun/nio/fs/WindowsException'{0x000000008d7899d0}> (0x000000008d7899d0) thrown at [./src/hotspot/share/prims/jni.cpp, line 616]
Event: 958.676 Thread 0x0000022d363c4800 Exception <a 'sun/nio/fs/WindowsException'{0x000000008d793280}> (0x000000008d793280) thrown at [./src/hotspot/share/prims/jni.cpp, line 616]
Event: 958.681 Thread 0x0000022d363c4800 Exception <a 'sun/nio/fs/WindowsException'{0x000000008d7b0368}> (0x000000008d7b0368) thrown at [./src/hotspot/share/prims/jni.cpp, line 616]
Event: 958.690 Thread 0x0000022d363c4800 Exception <a 'sun/nio/fs/WindowsException'{0x000000008d60c440}> (0x000000008d60c440) thrown at [./src/hotspot/share/prims/jni.cpp, line 616]
Event: 958.696 Thread 0x0000022d363c4800 Exception <a 'sun/nio/fs/WindowsException'{0x000000008d624180}> (0x000000008d624180) thrown at [./src/hotspot/share/prims/jni.cpp, line 616]
Event: 958.700 Thread 0x0000022d363c4800 Exception <a 'sun/nio/fs/WindowsException'{0x000000008d635768}> (0x000000008d635768) thrown at [./src/hotspot/share/prims/jni.cpp, line 616]
Event: 958.835 Thread 0x0000022d3862d000 Exception <a 'java/lang/NoSuchMethodError'{0x000000008d91bd80}: <clinit>> (0x000000008d91bd80) thrown at [./src/hotspot/share/prims/jni.cpp, line 1366]
Event: 959.405 Thread 0x0000022d34a89000 Exception <a 'sun/nio/fs/WindowsException'{0x000000008d953390}> (0x000000008d953390) thrown at [./src/hotspot/share/prims/jni.cpp, line 616]
Event: 959.422 Thread 0x0000022d34a89000 Exception <a 'java/lang/NoSuchMethodError'{0x000000008d89ac80}: <clinit>> (0x000000008d89ac80) thrown at [./src/hotspot/share/prims/jni.cpp, line 1366]

Events (20 events):
Event: 959.430 loading class org/gradle/workers/internal/NoIsolationWorkerFactory$1 done
Event: 959.430 loading class org/gradle/workers/internal/NoIsolationWorkerFactory$1
Event: 959.430 loading class org/gradle/workers/internal/NoIsolationWorkerFactory$1 done
Event: 959.431 loading class org/gradle/workers/internal/NoIsolationWorkerFactory$1
Event: 959.431 loading class org/gradle/workers/internal/NoIsolationWorkerFactory$1 done
Event: 959.431 loading class org/gradle/workers/internal/AbstractWorker$Work
Event: 959.431 loading class org/gradle/workers/internal/AbstractWorker$Work done
Event: 959.431 loading class com/android/builder/dexing/DexUtilsKt
Event: 959.431 loading class com/android/builder/dexing/DexUtilsKt done
Event: 959.431 loading class org/gradle/workers/internal/AbstractWorker$1
Event: 959.431 loading class org/gradle/workers/internal/AbstractWorker$1 done
Event: 959.432 loading class com/android/builder/dexing/DexUtilsKt$isJarFile$1
Event: 959.432 loading class com/android/builder/dexing/DexUtilsKt$isJarFile$1 done
Event: 959.432 loading class org/gradle/workers/internal/AbstractWorker$Details
Event: 959.432 loading class org/gradle/workers/internal/AbstractWorker$Details done
Event: 959.432 loading class com/google/common/hash/Java8Compatibility
Event: 959.432 loading class com/google/common/hash/Java8Compatibility done
Event: 959.433 loading class org/gradle/workers/internal/NoIsolationWorkerFactory$1$1
Event: 959.433 loading class org/gradle/workers/internal/NoIsolationWorkerFactory$1$1 done
Event: 959.434 Executing VM operation: G1CollectForAllocation


Dynamic libraries:
0x00007ff7a9220000 - 0x00007ff7a922a000 	C:\Program Files\Android\Android Studio1\jre\bin\java.exe
0x00007ffa30030000 - 0x00007ffa30228000 	C:\WINDOWS\SYSTEM32\ntdll.dll
0x00007ffa2e9a0000 - 0x00007ffa2ea5f000 	C:\WINDOWS\System32\KERNEL32.DLL
0x00007ffa2d7f0000 - 0x00007ffa2dac2000 	C:\WINDOWS\System32\KERNELBASE.dll
0x00007ffa2df80000 - 0x00007ffa2e080000 	C:\WINDOWS\System32\ucrtbase.dll
0x00007ffa28730000 - 0x00007ffa28749000 	C:\Program Files\Android\Android Studio1\jre\bin\jli.dll
0x00007ffa28750000 - 0x00007ffa28767000 	C:\Program Files\Android\Android Studio1\jre\bin\VCRUNTIME140.dll
0x00007ffa2ecd0000 - 0x00007ffa2ee6d000 	C:\WINDOWS\System32\USER32.dll
0x00007ffa2df20000 - 0x00007ffa2df42000 	C:\WINDOWS\System32\win32u.dll
0x00007ffa1c4d0000 - 0x00007ffa1c76a000 	C:\WINDOWS\WinSxS\amd64_microsoft.windows.common-controls_6595b64144ccf1df_6.0.19041.1110_none_60b5254171f9507e\COMCTL32.dll
0x00007ffa2ffc0000 - 0x00007ffa2ffeb000 	C:\WINDOWS\System32\GDI32.dll
0x00007ffa2de10000 - 0x00007ffa2df1f000 	C:\WINDOWS\System32\gdi32full.dll
0x00007ffa2ff20000 - 0x00007ffa2ffbe000 	C:\WINDOWS\System32\msvcrt.dll
0x00007ffa2dcc0000 - 0x00007ffa2dd5d000 	C:\WINDOWS\System32\msvcp_win.dll
0x00007ffa2e230000 - 0x00007ffa2e262000 	C:\WINDOWS\System32\IMM32.DLL
0x00007ff9b9a80000 - 0x00007ff9b9b1d000 	C:\Program Files\Android\Android Studio1\jre\bin\msvcp140.dll
0x00007ff9b6810000 - 0x00007ff9b7312000 	C:\Program Files\Android\Android Studio1\jre\bin\server\jvm.dll
0x00007ffa2ea60000 - 0x00007ffa2eb0e000 	C:\WINDOWS\System32\ADVAPI32.dll
0x00007ffa2f020000 - 0x00007ffa2f0bc000 	C:\WINDOWS\System32\sechost.dll
0x00007ffa2fc50000 - 0x00007ffa2fd75000 	C:\WINDOWS\System32\RPCRT4.dll
0x00007ffa2fc40000 - 0x00007ffa2fc48000 	C:\WINDOWS\System32\PSAPI.DLL
0x00007ffa24c00000 - 0x00007ffa24c27000 	C:\WINDOWS\SYSTEM32\WINMM.dll
0x00007ffa19be0000 - 0x00007ffa19be9000 	C:\WINDOWS\SYSTEM32\WSOCK32.dll
0x00007ffa2fd80000 - 0x00007ffa2fdeb000 	C:\WINDOWS\System32\WS2_32.dll
0x00007ffa26de0000 - 0x00007ffa26dea000 	C:\WINDOWS\SYSTEM32\VERSION.dll
0x00007ffa2b5f0000 - 0x00007ffa2b602000 	C:\WINDOWS\SYSTEM32\kernel.appcore.dll
0x00007ffa267d0000 - 0x00007ffa267e1000 	C:\Program Files\Android\Android Studio1\jre\bin\verify.dll
0x00007ffa1d780000 - 0x00007ffa1d964000 	C:\WINDOWS\SYSTEM32\DBGHELP.DLL
0x00007ffa19760000 - 0x00007ffa1978c000 	C:\WINDOWS\SYSTEM32\dbgcore.DLL
0x00007ffa2dc30000 - 0x00007ffa2dcb2000 	C:\WINDOWS\System32\bcryptPrimitives.dll
0x00007ffa265c0000 - 0x00007ffa265e9000 	C:\Program Files\Android\Android Studio1\jre\bin\java.dll
0x00007ffa286b0000 - 0x00007ffa286bb000 	C:\Program Files\Android\Android Studio1\jre\bin\jimage.dll
0x00007ffa267a0000 - 0x00007ffa267b8000 	C:\Program Files\Android\Android Studio1\jre\bin\zip.dll
0x00007ffa2f0c0000 - 0x00007ffa2f803000 	C:\WINDOWS\System32\SHELL32.dll
0x00007ffa2b7f0000 - 0x00007ffa2bf82000 	C:\WINDOWS\SYSTEM32\windows.storage.dll
0x00007ffa2f810000 - 0x00007ffa2fb64000 	C:\WINDOWS\System32\combase.dll
0x00007ffa2d0b0000 - 0x00007ffa2d0e0000 	C:\WINDOWS\SYSTEM32\Wldp.dll
0x00007ffa2e120000 - 0x00007ffa2e1cd000 	C:\WINDOWS\System32\SHCORE.dll
0x00007ffa2ebf0000 - 0x00007ffa2ec45000 	C:\WINDOWS\System32\shlwapi.dll
0x00007ffa2d670000 - 0x00007ffa2d68f000 	C:\WINDOWS\SYSTEM32\profapi.dll
0x00007ffa20030000 - 0x00007ffa2004a000 	C:\Program Files\Android\Android Studio1\jre\bin\net.dll
0x00007ffa22800000 - 0x00007ffa2290c000 	C:\WINDOWS\SYSTEM32\WINHTTP.dll
0x00007ffa2ce10000 - 0x00007ffa2ce7a000 	C:\WINDOWS\system32\mswsock.dll
0x00007ffa1f5e0000 - 0x00007ffa1f5f4000 	C:\Program Files\Android\Android Studio1\jre\bin\nio.dll
0x00007ffa10ba0000 - 0x00007ffa10bc7000 	D:\Project prototypes\Android-Project-master\MyCMS\native\e1d6ef7f7dcc3fd88c89a11ec53ec762bb8ba0a96d01ffa2cd45eb1d1d8dd5c5\windows-amd64\native-platform.dll
0x00007ff9e12b0000 - 0x00007ff9e13f4000 	D:\Project prototypes\Android-Project-master\MyCMS\native\0d407fdbe67a94daf76414ababcb853783967236a71b16ec16e742cd7a986fd3\windows-amd64\native-platform-file-events.dll
0x00007ffa26810000 - 0x00007ffa2681a000 	C:\Program Files\Android\Android Studio1\jre\bin\management.dll
0x00007ffa265b0000 - 0x00007ffa265bd000 	C:\Program Files\Android\Android Studio1\jre\bin\management_ext.dll
0x00007ffa2d010000 - 0x00007ffa2d028000 	C:\WINDOWS\SYSTEM32\CRYPTSP.dll
0x00007ffa2c730000 - 0x00007ffa2c764000 	C:\WINDOWS\system32\rsaenh.dll
0x00007ffa2df50000 - 0x00007ffa2df77000 	C:\WINDOWS\System32\bcrypt.dll
0x00007ffa2d630000 - 0x00007ffa2d65e000 	C:\WINDOWS\SYSTEM32\USERENV.dll
0x00007ffa2d000000 - 0x00007ffa2d00c000 	C:\WINDOWS\SYSTEM32\CRYPTBASE.dll
0x00007ffa2cb00000 - 0x00007ffa2cb3b000 	C:\WINDOWS\SYSTEM32\IPHLPAPI.DLL
0x00007ffa2e080000 - 0x00007ffa2e088000 	C:\WINDOWS\System32\NSI.dll
0x00007ffa26d00000 - 0x00007ffa26d17000 	C:\WINDOWS\SYSTEM32\dhcpcsvc6.DLL
0x00007ffa26ce0000 - 0x00007ffa26cfd000 	C:\WINDOWS\SYSTEM32\dhcpcsvc.DLL
0x00007ffa2cb40000 - 0x00007ffa2cc0a000 	C:\WINDOWS\SYSTEM32\DNSAPI.dll

dbghelp: loaded successfully - version: 4.0.5 - missing functions: none
symbol engine: initialized successfully - sym options: 0x614 - pdb path: .;C:\Program Files\Android\Android Studio1\jre\bin;C:\WINDOWS\SYSTEM32;C:\WINDOWS\WinSxS\amd64_microsoft.windows.common-controls_6595b64144ccf1df_6.0.19041.1110_none_60b5254171f9507e;C:\Program Files\Android\Android Studio1\jre\bin\server;D:\Project prototypes\Android-Project-master\MyCMS\native\e1d6ef7f7dcc3fd88c89a11ec53ec762bb8ba0a96d01ffa2cd45eb1d1d8dd5c5\windows-amd64;D:\Project prototypes\Android-Project-master\MyCMS\native\0d407fdbe67a94daf76414ababcb853783967236a71b16ec16e742cd7a986fd3\windows-amd64

VM Arguments:
jvm_args: --add-opens=java.base/java.util=ALL-UNNAMED --add-opens=java.base/java.lang=ALL-UNNAMED --add-opens=java.base/java.lang.invoke=ALL-UNNAMED --add-opens=java.base/java.util=ALL-UNNAMED --add-opens=java.prefs/java.util.prefs=ALL-UNNAMED --add-opens=java.prefs/java.util.prefs=ALL-UNNAMED --add-opens=java.base/java.nio.charset=ALL-UNNAMED --add-opens=java.base/java.net=ALL-UNNAMED --add-opens=java.base/java.util.concurrent.atomic=ALL-UNNAMED -Xmx2048m -Dfile.encoding=UTF-8 -Duser.country=IN -Duser.language=en -Duser.variant 
java_command: org.gradle.launcher.daemon.bootstrap.GradleDaemon 7.4
java_class_path (initial): D:\Project prototypes\Android-Project-master\MyCMS\wrapper\dists\gradle-7.4-bin\c0gwcg53nkjbqw7r0h0umtfvt\gradle-7.4\lib\gradle-launcher-7.4.jar
Launcher Type: SUN_STANDARD

[Global flags]
     intx CICompilerCount                          = 4                                         {product} {ergonomic}
     uint ConcGCThreads                            = 2                                         {product} {ergonomic}
     uint G1ConcRefinementThreads                  = 8                                         {product} {ergonomic}
   size_t G1HeapRegionSize                         = 1048576                                   {product} {ergonomic}
    uintx GCDrainStackTargetSize                   = 64                                        {product} {ergonomic}
   size_t InitialHeapSize                          = 234881024                                 {product} {ergonomic}
   size_t MarkStackSize                            = 4194304                                   {product} {ergonomic}
   size_t MaxHeapSize                              = 2147483648                                {product} {command line}
   size_t MaxNewSize                               = 1287651328                                {product} {ergonomic}
   size_t MinHeapDeltaBytes                        = 1048576                                   {product} {ergonomic}
    uintx NonNMethodCodeHeapSize                   = 5836300                                {pd product} {ergonomic}
    uintx NonProfiledCodeHeapSize                  = 122910970                              {pd product} {ergonomic}
    uintx ProfiledCodeHeapSize                     = 122910970                              {pd product} {ergonomic}
    uintx ReservedCodeCacheSize                    = 251658240                              {pd product} {ergonomic}
     bool SegmentedCodeCache                       = true                                      {product} {ergonomic}
     bool UseCompressedClassPointers               = true                                 {lp64_product} {ergonomic}
     bool UseCompressedOops                        = true                                 {lp64_product} {ergonomic}
     bool UseG1GC                                  = true                                      {product} {ergonomic}
     bool UseLargePagesIndividualAllocation        = false                                  {pd product} {ergonomic}

Logging:
Log output configuration:
 #0: stdout all=warning uptime,level,tags
 #1: stderr all=off uptime,level,tags

Environment Variables:
PATH=C:\Program Files\Common Files\Oracle\Java\javapath;C:\WINDOWS\system32;C:\WINDOWS;C:\WINDOWS\System32\Wbem;C:\WINDOWS\System32\WindowsPowerShell\v1.0\;C:\WINDOWS\System32\OpenSSH\;C:\Program Files\dotnet\;C:\Users\devis\AppData\Local\Microsoft\WindowsApps;
USERNAME=devis
OS=Windows_NT
PROCESSOR_IDENTIFIER=AMD64 Family 23 Model 24 Stepping 1, AuthenticAMD



---------------  S Y S T E M  ---------------

OS: Windows 10 , 64 bit Build 19041 (10.0.19041.2251)
OS uptime: 2 days 20:00 hours

CPU:total 8 (initial active 8) (8 cores per cpu, 2 threads per core) family 23 model 24 stepping 1 microcode 0x0, cmov, cx8, fxsr, mmx, sse, sse2, sse3, ssse3, sse4.1, sse4.2, popcnt, avx, avx2, aes, clmul, mmxext, 3dnowpref, lzcnt, sse4a, ht, tsc, tscinvbit, tscinv, bmi1, bmi2, adx, sha, fma

Memory: 4k page, system-wide physical 14272M (2749M free)
TotalPageFile size 18835M (AvailPageFile size 43M)
current process WorkingSet (physical memory assigned to process): 553M, peak: 557M
current process commit charge ("private bytes"): 597M, peak: 651M

vm_info: OpenJDK 64-Bit Server VM (11.0.13+0-b1751.21-8125866) for windows-amd64 JRE (11.0.13+0-b1751.21-8125866), built on Feb  2 2022 03:00:22 by "builder" with MS VC++ 14.0 (VS2015)

END.
